{"timestamp":"2025-09-22T19:33:22.544072","level":"info","event":"DAG bundles loaded: dags-folder","logger":"airflow.dag_processing.bundles.manager.DagBundlesManager"}
{"timestamp":"2025-09-22T19:33:22.544736","level":"info","event":"Filling up the DagBag from /opt/airflow/dags/get_info_30_days_async_dag.py","logger":"airflow.models.dagbag.DagBag"}
{"timestamp":"2025-09-22T19:33:31.179937Z","level":"info","event":"cookie done","chan":"stdout","logger":"task"}
{"timestamp":"2025-09-22T19:33:31.767096Z","level":"info","event":"429 Too Many Requests, retry after 1s (attempt 1)","chan":"stdout","logger":"task"}
{"timestamp":"2025-09-22T19:33:31.776946Z","level":"info","event":"429 Too Many Requests, retry after 1s (attempt 1)","chan":"stdout","logger":"task"}
{"timestamp":"2025-09-22T19:33:31.779528Z","level":"info","event":"429 Too Many Requests, retry after 1s (attempt 1)","chan":"stdout","logger":"task"}
{"timestamp":"2025-09-22T19:33:31.783720Z","level":"info","event":"429 Too Many Requests, retry after 1s (attempt 1)","chan":"stdout","logger":"task"}
{"timestamp":"2025-09-22T19:33:31.787409Z","level":"info","event":"429 Too Many Requests, retry after 1s (attempt 1)","chan":"stdout","logger":"task"}
{"timestamp":"2025-09-22T19:33:31.787629Z","level":"info","event":"429 Too Many Requests, retry after 1s (attempt 1)","chan":"stdout","logger":"task"}
{"timestamp":"2025-09-22T19:33:31.796239Z","level":"info","event":"429 Too Many Requests, retry after 1s (attempt 1)","chan":"stdout","logger":"task"}
{"timestamp":"2025-09-22T19:33:31.797453Z","level":"info","event":"429 Too Many Requests, retry after 1s (attempt 1)","chan":"stdout","logger":"task"}
{"timestamp":"2025-09-22T19:33:31.798824Z","level":"info","event":"429 Too Many Requests, retry after 1s (attempt 1)","chan":"stdout","logger":"task"}
{"timestamp":"2025-09-22T19:33:31.799077Z","level":"info","event":"429 Too Many Requests, retry after 1s (attempt 1)","chan":"stdout","logger":"task"}
{"timestamp":"2025-09-22T19:33:31.799242Z","level":"info","event":"429 Too Many Requests, retry after 1s (attempt 1)","chan":"stdout","logger":"task"}
{"timestamp":"2025-09-22T19:33:31.804057Z","level":"info","event":"429 Too Many Requests, retry after 1s (attempt 1)","chan":"stdout","logger":"task"}
{"timestamp":"2025-09-22T19:33:31.810707Z","level":"info","event":"429 Too Many Requests, retry after 1s (attempt 1)","chan":"stdout","logger":"task"}
{"timestamp":"2025-09-22T19:33:31.810943Z","level":"info","event":"429 Too Many Requests, retry after 1s (attempt 1)","chan":"stdout","logger":"task"}
{"timestamp":"2025-09-22T19:33:31.812145Z","level":"info","event":"429 Too Many Requests, retry after 1s (attempt 1)","chan":"stdout","logger":"task"}
{"timestamp":"2025-09-22T19:33:31.814235Z","level":"info","event":"429 Too Many Requests, retry after 1s (attempt 1)","chan":"stdout","logger":"task"}
{"timestamp":"2025-09-22T19:33:31.815677Z","level":"info","event":"429 Too Many Requests, retry after 1s (attempt 1)","chan":"stdout","logger":"task"}
{"timestamp":"2025-09-22T19:33:31.841873Z","level":"info","event":"429 Too Many Requests, retry after 1s (attempt 1)","chan":"stdout","logger":"task"}
{"timestamp":"2025-09-22T19:33:32.887778Z","level":"info","event":"429 Too Many Requests, retry after 2s (attempt 2)","chan":"stdout","logger":"task"}
{"timestamp":"2025-09-22T19:33:35.232104Z","level":"info","event":"FINISH","chan":"stdout","logger":"task"}
{"timestamp":"2025-09-22T19:33:35.269788Z","level":"info","event":"File successfully uploaded to MinIO: airflow-bucket/data/2025-09-22/info_30_days.csv","chan":"stdout","logger":"task"}
{"timestamp":"2025-09-22T19:33:35.271675","level":"info","event":"Done. Returned value was: None","logger":"airflow.task.operators.airflow.providers.standard.decorators.python._PythonDecoratedOperator"}
