{"timestamp":"2025-10-14T08:16:29.766812","level":"info","event":"DAG bundles loaded: dags-folder","logger":"airflow.dag_processing.bundles.manager.DagBundlesManager"}
{"timestamp":"2025-10-14T08:16:29.767836","level":"info","event":"Filling up the DagBag from /opt/airflow/dags/get_info_subjects_30_days_async_dag.py","logger":"airflow.models.dagbag.DagBag"}
{"timestamp":"2025-10-14T08:16:38.887338Z","level":"info","event":"cookie done","chan":"stdout","logger":"task"}
{"timestamp":"2025-10-14T08:16:40.333281Z","level":"info","event":"200","chan":"stdout","logger":"task"}
{"timestamp":"2025-10-14T08:16:40.838969Z","level":"info","event":"200","chan":"stdout","logger":"task"}
{"timestamp":"2025-10-14T08:16:40.881732Z","level":"info","event":"200","chan":"stdout","logger":"task"}
{"timestamp":"2025-10-14T08:16:40.881884Z","level":"info","event":"200","chan":"stdout","logger":"task"}
{"timestamp":"2025-10-14T08:16:40.882004Z","level":"info","event":"200","chan":"stdout","logger":"task"}
{"timestamp":"2025-10-14T08:16:40.908557Z","level":"info","event":"200","chan":"stdout","logger":"task"}
{"timestamp":"2025-10-14T08:16:41.140139Z","level":"info","event":"200","chan":"stdout","logger":"task"}
{"timestamp":"2025-10-14T08:16:41.152921Z","level":"info","event":"200","chan":"stdout","logger":"task"}
{"timestamp":"2025-10-14T08:16:41.204594Z","level":"info","event":"200","chan":"stdout","logger":"task"}
{"timestamp":"2025-10-14T08:16:41.301356Z","level":"info","event":"200","chan":"stdout","logger":"task"}
{"timestamp":"2025-10-14T08:16:41.896015Z","level":"info","event":"200","chan":"stdout","logger":"task"}
{"timestamp":"2025-10-14T08:16:42.320038Z","level":"info","event":"200","chan":"stdout","logger":"task"}
{"timestamp":"2025-10-14T08:16:42.894963Z","level":"info","event":"200","chan":"stdout","logger":"task"}
{"timestamp":"2025-10-14T08:16:42.896211Z","level":"info","event":"200","chan":"stdout","logger":"task"}
{"timestamp":"2025-10-14T08:16:42.913151Z","level":"info","event":"200","chan":"stdout","logger":"task"}
{"timestamp":"2025-10-14T08:16:42.956034Z","level":"info","event":"200","chan":"stdout","logger":"task"}
{"timestamp":"2025-10-14T08:16:42.975950Z","level":"info","event":"200","chan":"stdout","logger":"task"}
{"timestamp":"2025-10-14T08:16:43.202178Z","level":"info","event":"200","chan":"stdout","logger":"task"}
{"timestamp":"2025-10-14T08:16:43.407434Z","level":"info","event":"200","chan":"stdout","logger":"task"}
{"timestamp":"2025-10-14T08:16:43.460574Z","level":"info","event":"200","chan":"stdout","logger":"task"}
{"timestamp":"2025-10-14T08:16:43.936997Z","level":"info","event":"200","chan":"stdout","logger":"task"}
{"timestamp":"2025-10-14T08:16:43.948668Z","level":"info","event":"200","chan":"stdout","logger":"task"}
{"timestamp":"2025-10-14T08:16:44.496088Z","level":"info","event":"200","chan":"stdout","logger":"task"}
{"timestamp":"2025-10-14T08:16:44.507335Z","level":"info","event":"200","chan":"stdout","logger":"task"}
{"timestamp":"2025-10-14T08:16:45.095489Z","level":"info","event":"200","chan":"stdout","logger":"task"}
{"timestamp":"2025-10-14T08:16:45.108503Z","level":"info","event":"200","chan":"stdout","logger":"task"}
{"timestamp":"2025-10-14T08:16:45.109340Z","level":"info","event":"200","chan":"stdout","logger":"task"}
{"timestamp":"2025-10-14T08:16:45.162786Z","level":"info","event":"200","chan":"stdout","logger":"task"}
{"timestamp":"2025-10-14T08:16:45.236994Z","level":"info","event":"200","chan":"stdout","logger":"task"}
{"timestamp":"2025-10-14T08:16:45.257975Z","level":"info","event":"200","chan":"stdout","logger":"task"}
{"timestamp":"2025-10-14T08:16:45.555692Z","level":"info","event":"200","chan":"stdout","logger":"task"}
{"timestamp":"2025-10-14T08:16:45.750252Z","level":"info","event":"200","chan":"stdout","logger":"task"}
{"timestamp":"2025-10-14T08:16:46.051180Z","level":"info","event":"200","chan":"stdout","logger":"task"}
{"timestamp":"2025-10-14T08:16:46.084282Z","level":"info","event":"200","chan":"stdout","logger":"task"}
{"timestamp":"2025-10-14T08:16:46.481782Z","level":"info","event":"200","chan":"stdout","logger":"task"}
{"timestamp":"2025-10-14T08:16:46.781582Z","level":"info","event":"200","chan":"stdout","logger":"task"}
{"timestamp":"2025-10-14T08:16:46.880443Z","level":"info","event":"200","chan":"stdout","logger":"task"}
{"timestamp":"2025-10-14T08:16:46.925076Z","level":"info","event":"200","chan":"stdout","logger":"task"}
{"timestamp":"2025-10-14T08:16:47.296309Z","level":"info","event":"200","chan":"stdout","logger":"task"}
{"timestamp":"2025-10-14T08:16:47.296777Z","level":"info","event":"200","chan":"stdout","logger":"task"}
{"timestamp":"2025-10-14T08:16:47.352185Z","level":"info","event":"200","chan":"stdout","logger":"task"}
{"timestamp":"2025-10-14T08:16:47.690510Z","level":"info","event":"200","chan":"stdout","logger":"task"}
{"timestamp":"2025-10-14T08:16:47.731741Z","level":"info","event":"200","chan":"stdout","logger":"task"}
{"timestamp":"2025-10-14T08:16:47.844315Z","level":"info","event":"200","chan":"stdout","logger":"task"}
{"timestamp":"2025-10-14T08:16:48.383911Z","level":"info","event":"200","chan":"stdout","logger":"task"}
{"timestamp":"2025-10-14T08:16:48.714063Z","level":"info","event":"200","chan":"stdout","logger":"task"}
{"timestamp":"2025-10-14T08:16:48.928260Z","level":"info","event":"200","chan":"stdout","logger":"task"}
{"timestamp":"2025-10-14T08:16:48.949954Z","level":"info","event":"200","chan":"stdout","logger":"task"}
{"timestamp":"2025-10-14T08:16:49.241554Z","level":"info","event":"200","chan":"stdout","logger":"task"}
{"timestamp":"2025-10-14T08:16:49.506844Z","level":"info","event":"200","chan":"stdout","logger":"task"}
{"timestamp":"2025-10-14T08:16:50.121798Z","level":"info","event":"200","chan":"stdout","logger":"task"}
{"timestamp":"2025-10-14T08:16:50.140589Z","level":"info","event":"200","chan":"stdout","logger":"task"}
{"timestamp":"2025-10-14T08:16:50.160696Z","level":"info","event":"200","chan":"stdout","logger":"task"}
{"timestamp":"2025-10-14T08:16:50.225961Z","level":"info","event":"200","chan":"stdout","logger":"task"}
{"timestamp":"2025-10-14T08:16:50.449123Z","level":"info","event":"200","chan":"stdout","logger":"task"}
{"timestamp":"2025-10-14T08:16:51.093446Z","level":"info","event":"200","chan":"stdout","logger":"task"}
{"timestamp":"2025-10-14T08:16:51.210369Z","level":"info","event":"200","chan":"stdout","logger":"task"}
{"timestamp":"2025-10-14T08:16:51.396221Z","level":"info","event":"200","chan":"stdout","logger":"task"}
{"timestamp":"2025-10-14T08:16:51.552434Z","level":"info","event":"200","chan":"stdout","logger":"task"}
{"timestamp":"2025-10-14T08:16:51.904846Z","level":"info","event":"200","chan":"stdout","logger":"task"}
{"timestamp":"2025-10-14T08:16:51.944886Z","level":"info","event":"200","chan":"stdout","logger":"task"}
{"timestamp":"2025-10-14T08:16:52.141440Z","level":"info","event":"200","chan":"stdout","logger":"task"}
{"timestamp":"2025-10-14T08:16:52.342212Z","level":"info","event":"200","chan":"stdout","logger":"task"}
{"timestamp":"2025-10-14T08:16:52.451641Z","level":"info","event":"200","chan":"stdout","logger":"task"}
{"timestamp":"2025-10-14T08:16:53.408303Z","level":"info","event":"200","chan":"stdout","logger":"task"}
{"timestamp":"2025-10-14T08:16:53.660749Z","level":"info","event":"200","chan":"stdout","logger":"task"}
{"timestamp":"2025-10-14T08:16:53.694578Z","level":"info","event":"200","chan":"stdout","logger":"task"}
{"timestamp":"2025-10-14T08:16:54.055735Z","level":"info","event":"200","chan":"stdout","logger":"task"}
{"timestamp":"2025-10-14T08:16:54.132972Z","level":"info","event":"200","chan":"stdout","logger":"task"}
{"timestamp":"2025-10-14T08:16:54.306427Z","level":"info","event":"200","chan":"stdout","logger":"task"}
{"timestamp":"2025-10-14T08:16:54.421455Z","level":"info","event":"200","chan":"stdout","logger":"task"}
{"timestamp":"2025-10-14T08:16:54.563514Z","level":"info","event":"200","chan":"stdout","logger":"task"}
{"timestamp":"2025-10-14T08:16:54.710836Z","level":"info","event":"200","chan":"stdout","logger":"task"}
{"timestamp":"2025-10-14T08:16:55.703686Z","level":"info","event":"200","chan":"stdout","logger":"task"}
{"timestamp":"2025-10-14T08:16:55.772225Z","level":"info","event":"200","chan":"stdout","logger":"task"}
{"timestamp":"2025-10-14T08:16:56.410133Z","level":"info","event":"200","chan":"stdout","logger":"task"}
{"timestamp":"2025-10-14T08:16:56.431677Z","level":"info","event":"200","chan":"stdout","logger":"task"}
{"timestamp":"2025-10-14T08:16:56.664661Z","level":"info","event":"200","chan":"stdout","logger":"task"}
{"timestamp":"2025-10-14T08:16:56.665071Z","level":"info","event":"200","chan":"stdout","logger":"task"}
{"timestamp":"2025-10-14T08:16:56.862706Z","level":"info","event":"200","chan":"stdout","logger":"task"}
{"timestamp":"2025-10-14T08:16:57.026298Z","level":"info","event":"200","chan":"stdout","logger":"task"}
{"timestamp":"2025-10-14T08:16:57.222829Z","level":"info","event":"200","chan":"stdout","logger":"task"}
{"timestamp":"2025-10-14T08:16:57.229762Z","level":"info","event":"200","chan":"stdout","logger":"task"}
{"timestamp":"2025-10-14T08:16:57.495643Z","level":"info","event":"200","chan":"stdout","logger":"task"}
{"timestamp":"2025-10-14T08:16:57.751230Z","level":"info","event":"200","chan":"stdout","logger":"task"}
{"timestamp":"2025-10-14T08:16:58.127070Z","level":"info","event":"200","chan":"stdout","logger":"task"}
{"timestamp":"2025-10-14T08:16:58.502411Z","level":"info","event":"200","chan":"stdout","logger":"task"}
{"timestamp":"2025-10-14T08:16:58.694297Z","level":"info","event":"200","chan":"stdout","logger":"task"}
{"timestamp":"2025-10-14T08:16:59.019384Z","level":"info","event":"200","chan":"stdout","logger":"task"}
{"timestamp":"2025-10-14T08:16:59.067370Z","level":"info","event":"200","chan":"stdout","logger":"task"}
{"timestamp":"2025-10-14T08:16:59.077357Z","level":"info","event":"200","chan":"stdout","logger":"task"}
{"timestamp":"2025-10-14T08:16:59.139411Z","level":"info","event":"200","chan":"stdout","logger":"task"}
{"timestamp":"2025-10-14T08:16:59.591374Z","level":"info","event":"200","chan":"stdout","logger":"task"}
{"timestamp":"2025-10-14T08:16:59.613365Z","level":"info","event":"200","chan":"stdout","logger":"task"}
{"timestamp":"2025-10-14T08:16:59.764397Z","level":"info","event":"200","chan":"stdout","logger":"task"}
{"timestamp":"2025-10-14T08:17:00.838798Z","level":"info","event":"200","chan":"stdout","logger":"task"}
{"timestamp":"2025-10-14T08:17:00.858446Z","level":"info","event":"200","chan":"stdout","logger":"task"}
{"timestamp":"2025-10-14T08:17:01.325208Z","level":"info","event":"200","chan":"stdout","logger":"task"}
{"timestamp":"2025-10-14T08:17:01.353008Z","level":"info","event":"200","chan":"stdout","logger":"task"}
{"timestamp":"2025-10-14T08:17:01.381362Z","level":"info","event":"200","chan":"stdout","logger":"task"}
{"timestamp":"2025-10-14T08:17:01.735692Z","level":"info","event":"200","chan":"stdout","logger":"task"}
{"timestamp":"2025-10-14T08:17:02.145041Z","level":"info","event":"200","chan":"stdout","logger":"task"}
{"timestamp":"2025-10-14T08:17:02.318767Z","level":"info","event":"200","chan":"stdout","logger":"task"}
{"timestamp":"2025-10-14T08:17:03.085334Z","level":"info","event":"200","chan":"stdout","logger":"task"}
{"timestamp":"2025-10-14T08:17:03.122497Z","level":"info","event":"200","chan":"stdout","logger":"task"}
{"timestamp":"2025-10-14T08:17:03.328292Z","level":"info","event":"200","chan":"stdout","logger":"task"}
{"timestamp":"2025-10-14T08:17:03.650676Z","level":"info","event":"200","chan":"stdout","logger":"task"}
{"timestamp":"2025-10-14T08:17:04.080025Z","level":"info","event":"200","chan":"stdout","logger":"task"}
{"timestamp":"2025-10-14T08:17:04.126266Z","level":"info","event":"200","chan":"stdout","logger":"task"}
{"timestamp":"2025-10-14T08:17:04.218654Z","level":"info","event":"200","chan":"stdout","logger":"task"}
{"timestamp":"2025-10-14T08:17:04.413511Z","level":"info","event":"200","chan":"stdout","logger":"task"}
{"timestamp":"2025-10-14T08:17:04.854980Z","level":"info","event":"200","chan":"stdout","logger":"task"}
{"timestamp":"2025-10-14T08:17:05.141280Z","level":"info","event":"200","chan":"stdout","logger":"task"}
{"timestamp":"2025-10-14T08:17:05.214732Z","level":"info","event":"200","chan":"stdout","logger":"task"}
{"timestamp":"2025-10-14T08:17:05.730547Z","level":"info","event":"200","chan":"stdout","logger":"task"}
{"timestamp":"2025-10-14T08:17:06.141870Z","level":"info","event":"200","chan":"stdout","logger":"task"}
{"timestamp":"2025-10-14T08:17:06.142764Z","level":"info","event":"200","chan":"stdout","logger":"task"}
{"timestamp":"2025-10-14T08:17:06.493698Z","level":"info","event":"200","chan":"stdout","logger":"task"}
{"timestamp":"2025-10-14T08:17:06.877110Z","level":"info","event":"200","chan":"stdout","logger":"task"}
{"timestamp":"2025-10-14T08:17:07.233923Z","level":"info","event":"200","chan":"stdout","logger":"task"}
{"timestamp":"2025-10-14T08:17:07.776464Z","level":"info","event":"200","chan":"stdout","logger":"task"}
{"timestamp":"2025-10-14T08:17:07.998482Z","level":"info","event":"200","chan":"stdout","logger":"task"}
{"timestamp":"2025-10-14T08:17:08.017489Z","level":"info","event":"200","chan":"stdout","logger":"task"}
{"timestamp":"2025-10-14T08:17:08.254590Z","level":"info","event":"200","chan":"stdout","logger":"task"}
{"timestamp":"2025-10-14T08:17:08.458041Z","level":"info","event":"200","chan":"stdout","logger":"task"}
{"timestamp":"2025-10-14T08:17:08.608032Z","level":"info","event":"200","chan":"stdout","logger":"task"}
{"timestamp":"2025-10-14T08:17:08.974009Z","level":"info","event":"200","chan":"stdout","logger":"task"}
{"timestamp":"2025-10-14T08:17:09.310894Z","level":"info","event":"200","chan":"stdout","logger":"task"}
{"timestamp":"2025-10-14T08:17:09.824562Z","level":"info","event":"200","chan":"stdout","logger":"task"}
{"timestamp":"2025-10-14T08:17:10.198785Z","level":"info","event":"200","chan":"stdout","logger":"task"}
{"timestamp":"2025-10-14T08:17:10.316033Z","level":"info","event":"200","chan":"stdout","logger":"task"}
{"timestamp":"2025-10-14T08:17:10.320682Z","level":"info","event":"200","chan":"stdout","logger":"task"}
{"timestamp":"2025-10-14T08:17:10.468053Z","level":"info","event":"200","chan":"stdout","logger":"task"}
{"timestamp":"2025-10-14T08:17:10.560283Z","level":"info","event":"200","chan":"stdout","logger":"task"}
{"timestamp":"2025-10-14T08:17:10.798751Z","level":"info","event":"200","chan":"stdout","logger":"task"}
{"timestamp":"2025-10-14T08:17:11.042086Z","level":"info","event":"200","chan":"stdout","logger":"task"}
{"timestamp":"2025-10-14T08:17:11.050750Z","level":"info","event":"200","chan":"stdout","logger":"task"}
{"timestamp":"2025-10-14T08:17:12.044283Z","level":"info","event":"200","chan":"stdout","logger":"task"}
{"timestamp":"2025-10-14T08:17:12.316968Z","level":"info","event":"200","chan":"stdout","logger":"task"}
{"timestamp":"2025-10-14T08:17:12.318500Z","level":"info","event":"200","chan":"stdout","logger":"task"}
{"timestamp":"2025-10-14T08:17:12.380908Z","level":"info","event":"200","chan":"stdout","logger":"task"}
{"timestamp":"2025-10-14T08:17:12.640518Z","level":"info","event":"200","chan":"stdout","logger":"task"}
{"timestamp":"2025-10-14T08:17:13.471918Z","level":"info","event":"200","chan":"stdout","logger":"task"}
{"timestamp":"2025-10-14T08:17:13.973387Z","level":"info","event":"200","chan":"stdout","logger":"task"}
{"timestamp":"2025-10-14T08:17:14.945323Z","level":"info","event":"200","chan":"stdout","logger":"task"}
{"timestamp":"2025-10-14T08:17:14.946345Z","level":"info","event":"200","chan":"stdout","logger":"task"}
{"timestamp":"2025-10-14T08:17:15.457923Z","level":"info","event":"200","chan":"stdout","logger":"task"}
{"timestamp":"2025-10-14T08:17:15.647295Z","level":"info","event":"200","chan":"stdout","logger":"task"}
{"timestamp":"2025-10-14T08:17:15.707382Z","level":"info","event":"200","chan":"stdout","logger":"task"}
{"timestamp":"2025-10-14T08:17:15.934329Z","level":"info","event":"200","chan":"stdout","logger":"task"}
{"timestamp":"2025-10-14T08:17:16.080481Z","level":"info","event":"200","chan":"stdout","logger":"task"}
{"timestamp":"2025-10-14T08:17:16.110500Z","level":"info","event":"200","chan":"stdout","logger":"task"}
{"timestamp":"2025-10-14T08:17:16.166013Z","level":"info","event":"200","chan":"stdout","logger":"task"}
{"timestamp":"2025-10-14T08:17:16.723978Z","level":"info","event":"200","chan":"stdout","logger":"task"}
{"timestamp":"2025-10-14T08:17:17.196042Z","level":"info","event":"200","chan":"stdout","logger":"task"}
{"timestamp":"2025-10-14T08:17:17.217500Z","level":"info","event":"200","chan":"stdout","logger":"task"}
{"timestamp":"2025-10-14T08:17:17.813246Z","level":"info","event":"200","chan":"stdout","logger":"task"}
{"timestamp":"2025-10-14T08:17:17.959882Z","level":"info","event":"200","chan":"stdout","logger":"task"}
{"timestamp":"2025-10-14T08:17:18.531259Z","level":"info","event":"200","chan":"stdout","logger":"task"}
{"timestamp":"2025-10-14T08:17:18.589280Z","level":"info","event":"200","chan":"stdout","logger":"task"}
{"timestamp":"2025-10-14T08:17:18.592591Z","level":"info","event":"200","chan":"stdout","logger":"task"}
{"timestamp":"2025-10-14T08:17:18.639476Z","level":"info","event":"200","chan":"stdout","logger":"task"}
{"timestamp":"2025-10-14T08:17:18.948259Z","level":"info","event":"200","chan":"stdout","logger":"task"}
{"timestamp":"2025-10-14T08:17:19.223371Z","level":"info","event":"200","chan":"stdout","logger":"task"}
{"timestamp":"2025-10-14T08:17:19.243404Z","level":"info","event":"200","chan":"stdout","logger":"task"}
{"timestamp":"2025-10-14T08:17:19.401185Z","level":"info","event":"200","chan":"stdout","logger":"task"}
{"timestamp":"2025-10-14T08:17:19.564064Z","level":"info","event":"200","chan":"stdout","logger":"task"}
{"timestamp":"2025-10-14T08:17:19.963968Z","level":"info","event":"200","chan":"stdout","logger":"task"}
{"timestamp":"2025-10-14T08:17:20.160986Z","level":"info","event":"200","chan":"stdout","logger":"task"}
{"timestamp":"2025-10-14T08:17:20.540163Z","level":"info","event":"200","chan":"stdout","logger":"task"}
{"timestamp":"2025-10-14T08:17:20.557649Z","level":"info","event":"200","chan":"stdout","logger":"task"}
{"timestamp":"2025-10-14T08:17:20.581480Z","level":"info","event":"200","chan":"stdout","logger":"task"}
{"timestamp":"2025-10-14T08:17:20.894278Z","level":"info","event":"200","chan":"stdout","logger":"task"}
{"timestamp":"2025-10-14T08:17:20.932344Z","level":"info","event":"200","chan":"stdout","logger":"task"}
{"timestamp":"2025-10-14T08:17:20.973397Z","level":"info","event":"200","chan":"stdout","logger":"task"}
{"timestamp":"2025-10-14T08:17:21.183429Z","level":"info","event":"200","chan":"stdout","logger":"task"}
{"timestamp":"2025-10-14T08:17:21.462402Z","level":"info","event":"200","chan":"stdout","logger":"task"}
{"timestamp":"2025-10-14T08:17:21.879734Z","level":"info","event":"200","chan":"stdout","logger":"task"}
{"timestamp":"2025-10-14T08:17:22.068121Z","level":"info","event":"200","chan":"stdout","logger":"task"}
{"timestamp":"2025-10-14T08:17:22.419019Z","level":"info","event":"200","chan":"stdout","logger":"task"}
{"timestamp":"2025-10-14T08:17:22.478528Z","level":"info","event":"200","chan":"stdout","logger":"task"}
{"timestamp":"2025-10-14T08:17:22.532997Z","level":"info","event":"200","chan":"stdout","logger":"task"}
{"timestamp":"2025-10-14T08:17:22.665920Z","level":"info","event":"200","chan":"stdout","logger":"task"}
{"timestamp":"2025-10-14T08:17:23.034539Z","level":"info","event":"200","chan":"stdout","logger":"task"}
{"timestamp":"2025-10-14T08:17:23.058478Z","level":"info","event":"200","chan":"stdout","logger":"task"}
{"timestamp":"2025-10-14T08:17:23.072039Z","level":"info","event":"200","chan":"stdout","logger":"task"}
{"timestamp":"2025-10-14T08:17:23.441525Z","level":"info","event":"200","chan":"stdout","logger":"task"}
{"timestamp":"2025-10-14T08:17:23.598237Z","level":"info","event":"200","chan":"stdout","logger":"task"}
{"timestamp":"2025-10-14T08:17:23.837102Z","level":"info","event":"200","chan":"stdout","logger":"task"}
{"timestamp":"2025-10-14T08:17:24.057587Z","level":"info","event":"200","chan":"stdout","logger":"task"}
{"timestamp":"2025-10-14T08:17:24.520755Z","level":"info","event":"200","chan":"stdout","logger":"task"}
{"timestamp":"2025-10-14T08:17:24.597327Z","level":"info","event":"200","chan":"stdout","logger":"task"}
{"timestamp":"2025-10-14T08:17:24.917633Z","level":"info","event":"200","chan":"stdout","logger":"task"}
{"timestamp":"2025-10-14T08:17:25.386538Z","level":"info","event":"200","chan":"stdout","logger":"task"}
{"timestamp":"2025-10-14T08:17:25.901299Z","level":"info","event":"200","chan":"stdout","logger":"task"}
{"timestamp":"2025-10-14T08:17:25.901563Z","level":"info","event":"200","chan":"stdout","logger":"task"}
{"timestamp":"2025-10-14T08:17:26.038361Z","level":"info","event":"200","chan":"stdout","logger":"task"}
{"timestamp":"2025-10-14T08:17:26.045876Z","level":"info","event":"200","chan":"stdout","logger":"task"}
{"timestamp":"2025-10-14T08:17:26.076972Z","level":"info","event":"200","chan":"stdout","logger":"task"}
{"timestamp":"2025-10-14T08:17:26.182401Z","level":"info","event":"200","chan":"stdout","logger":"task"}
{"timestamp":"2025-10-14T08:17:26.207704Z","level":"info","event":"FINISH","chan":"stdout","logger":"task"}
{"timestamp":"2025-10-14T08:17:26.245606Z","level":"info","event":"File successfully uploaded to MinIO: airflow-bucket/data/2025-10-14/info_subject_30_days.csv","chan":"stdout","logger":"task"}
{"timestamp":"2025-10-14T08:17:26.259349","level":"info","event":"Done. Returned value was: None","logger":"airflow.task.operators.airflow.providers.standard.decorators.python._PythonDecoratedOperator"}
