{"timestamp":"2025-10-14T07:32:44.754865","level":"info","event":"DAG bundles loaded: dags-folder","logger":"airflow.dag_processing.bundles.manager.DagBundlesManager"}
{"timestamp":"2025-10-14T07:32:44.755703","level":"info","event":"Filling up the DagBag from /opt/airflow/dags/get_info_30_days_async_dag.py","logger":"airflow.models.dagbag.DagBag"}
{"timestamp":"2025-10-14T07:33:04.028508Z","level":"info","event":"cookie done","chan":"stdout","logger":"task"}
{"timestamp":"2025-10-14T07:33:11.095748Z","level":"info","event":"200","chan":"stdout","logger":"task"}
{"timestamp":"2025-10-14T07:33:12.477911Z","level":"info","event":"200","chan":"stdout","logger":"task"}
{"timestamp":"2025-10-14T07:33:12.774519Z","level":"info","event":"200","chan":"stdout","logger":"task"}
{"timestamp":"2025-10-14T07:33:13.184366Z","level":"info","event":"200","chan":"stdout","logger":"task"}
{"timestamp":"2025-10-14T07:33:22.355430Z","level":"info","event":"200","chan":"stdout","logger":"task"}
{"timestamp":"2025-10-14T07:33:22.615822Z","level":"info","event":"200","chan":"stdout","logger":"task"}
{"timestamp":"2025-10-14T07:33:23.385666Z","level":"info","event":"200","chan":"stdout","logger":"task"}
{"timestamp":"2025-10-14T07:33:25.347572Z","level":"info","event":"200","chan":"stdout","logger":"task"}
{"timestamp":"2025-10-14T07:33:26.046599Z","level":"info","event":"200","chan":"stdout","logger":"task"}
{"timestamp":"2025-10-14T07:33:26.159291Z","level":"info","event":"200","chan":"stdout","logger":"task"}
{"timestamp":"2025-10-14T07:33:26.482363Z","level":"info","event":"200","chan":"stdout","logger":"task"}
{"timestamp":"2025-10-14T07:33:26.837958Z","level":"info","event":"200","chan":"stdout","logger":"task"}
{"timestamp":"2025-10-14T07:33:28.119161Z","level":"info","event":"200","chan":"stdout","logger":"task"}
{"timestamp":"2025-10-14T07:33:29.238729Z","level":"info","event":"200","chan":"stdout","logger":"task"}
{"timestamp":"2025-10-14T07:33:29.307303Z","level":"info","event":"200","chan":"stdout","logger":"task"}
{"timestamp":"2025-10-14T07:33:30.719578Z","level":"info","event":"200","chan":"stdout","logger":"task"}
{"timestamp":"2025-10-14T07:33:38.879244Z","level":"info","event":"200","chan":"stdout","logger":"task"}
{"timestamp":"2025-10-14T07:33:41.098920Z","level":"info","event":"200","chan":"stdout","logger":"task"}
{"timestamp":"2025-10-14T07:33:41.308932Z","level":"info","event":"200","chan":"stdout","logger":"task"}
{"timestamp":"2025-10-14T07:33:43.586961Z","level":"info","event":"200","chan":"stdout","logger":"task"}
{"timestamp":"2025-10-14T07:33:44.107518Z","level":"info","event":"200","chan":"stdout","logger":"task"}
{"timestamp":"2025-10-14T07:33:46.224336Z","level":"info","event":"200","chan":"stdout","logger":"task"}
{"timestamp":"2025-10-14T07:33:46.633811Z","level":"info","event":"200","chan":"stdout","logger":"task"}
{"timestamp":"2025-10-14T07:33:47.387634Z","level":"info","event":"200","chan":"stdout","logger":"task"}
{"timestamp":"2025-10-14T07:33:47.779508Z","level":"info","event":"200","chan":"stdout","logger":"task"}
{"timestamp":"2025-10-14T07:33:47.789900Z","level":"info","event":"200","chan":"stdout","logger":"task"}
{"timestamp":"2025-10-14T07:33:54.588538Z","level":"info","event":"200","chan":"stdout","logger":"task"}
{"timestamp":"2025-10-14T07:33:55.640612Z","level":"info","event":"200","chan":"stdout","logger":"task"}
{"timestamp":"2025-10-14T07:33:58.446934Z","level":"info","event":"200","chan":"stdout","logger":"task"}
{"timestamp":"2025-10-14T07:33:59.320018Z","level":"info","event":"200","chan":"stdout","logger":"task"}
{"timestamp":"2025-10-14T07:34:01.055640Z","level":"info","event":"200","chan":"stdout","logger":"task"}
{"timestamp":"2025-10-14T07:34:04.757275Z","level":"info","event":"200","chan":"stdout","logger":"task"}
{"timestamp":"2025-10-14T07:34:05.283434Z","level":"info","event":"200","chan":"stdout","logger":"task"}
{"timestamp":"2025-10-14T07:34:05.882431Z","level":"info","event":"200","chan":"stdout","logger":"task"}
{"timestamp":"2025-10-14T07:34:06.690681Z","level":"info","event":"200","chan":"stdout","logger":"task"}
{"timestamp":"2025-10-14T07:34:07.333576Z","level":"info","event":"200","chan":"stdout","logger":"task"}
{"timestamp":"2025-10-14T07:34:08.681402Z","level":"info","event":"200","chan":"stdout","logger":"task"}
{"timestamp":"2025-10-14T07:34:11.656215Z","level":"info","event":"200","chan":"stdout","logger":"task"}
{"timestamp":"2025-10-14T07:34:12.352460Z","level":"info","event":"200","chan":"stdout","logger":"task"}
{"timestamp":"2025-10-14T07:34:13.925047Z","level":"info","event":"200","chan":"stdout","logger":"task"}
{"timestamp":"2025-10-14T07:34:15.536455Z","level":"info","event":"200","chan":"stdout","logger":"task"}
{"timestamp":"2025-10-14T07:34:21.729421Z","level":"info","event":"200","chan":"stdout","logger":"task"}
{"timestamp":"2025-10-14T07:34:22.160984Z","level":"info","event":"200","chan":"stdout","logger":"task"}
{"timestamp":"2025-10-14T07:34:25.551521Z","level":"info","event":"200","chan":"stdout","logger":"task"}
{"timestamp":"2025-10-14T07:34:26.060235Z","level":"info","event":"200","chan":"stdout","logger":"task"}
{"timestamp":"2025-10-14T07:34:26.771732Z","level":"info","event":"200","chan":"stdout","logger":"task"}
{"timestamp":"2025-10-14T07:34:29.942694Z","level":"info","event":"200","chan":"stdout","logger":"task"}
{"timestamp":"2025-10-14T07:34:31.047956Z","level":"info","event":"200","chan":"stdout","logger":"task"}
{"timestamp":"2025-10-14T07:34:31.331577Z","level":"info","event":"200","chan":"stdout","logger":"task"}
{"timestamp":"2025-10-14T07:34:33.182611Z","level":"info","event":"200","chan":"stdout","logger":"task"}
{"timestamp":"2025-10-14T07:34:33.916587Z","level":"info","event":"200","chan":"stdout","logger":"task"}
{"timestamp":"2025-10-14T07:34:34.093027Z","level":"info","event":"200","chan":"stdout","logger":"task"}
{"timestamp":"2025-10-14T07:34:35.744954Z","level":"info","event":"200","chan":"stdout","logger":"task"}
{"timestamp":"2025-10-14T07:34:37.699092Z","level":"info","event":"200","chan":"stdout","logger":"task"}
{"timestamp":"2025-10-14T07:34:38.148214Z","level":"info","event":"200","chan":"stdout","logger":"task"}
{"timestamp":"2025-10-14T07:34:39.013809Z","level":"info","event":"200","chan":"stdout","logger":"task"}
{"timestamp":"2025-10-14T07:34:39.025137Z","level":"info","event":"200","chan":"stdout","logger":"task"}
{"timestamp":"2025-10-14T07:34:39.957197Z","level":"info","event":"200","chan":"stdout","logger":"task"}
{"timestamp":"2025-10-14T07:34:42.135395Z","level":"info","event":"200","chan":"stdout","logger":"task"}
{"timestamp":"2025-10-14T07:34:43.602444Z","level":"info","event":"200","chan":"stdout","logger":"task"}
{"timestamp":"2025-10-14T07:34:44.222025Z","level":"info","event":"200","chan":"stdout","logger":"task"}
{"timestamp":"2025-10-14T07:34:45.218905Z","level":"info","event":"200","chan":"stdout","logger":"task"}
{"timestamp":"2025-10-14T07:34:45.237710Z","level":"info","event":"200","chan":"stdout","logger":"task"}
{"timestamp":"2025-10-14T07:34:48.421617Z","level":"info","event":"200","chan":"stdout","logger":"task"}
{"timestamp":"2025-10-14T07:34:50.334941Z","level":"info","event":"200","chan":"stdout","logger":"task"}
{"timestamp":"2025-10-14T07:34:50.430996Z","level":"info","event":"200","chan":"stdout","logger":"task"}
{"timestamp":"2025-10-14T07:34:51.643184Z","level":"info","event":"200","chan":"stdout","logger":"task"}
{"timestamp":"2025-10-14T07:34:54.025536Z","level":"info","event":"200","chan":"stdout","logger":"task"}
{"timestamp":"2025-10-14T07:34:54.866019Z","level":"info","event":"200","chan":"stdout","logger":"task"}
{"timestamp":"2025-10-14T07:34:59.901237Z","level":"info","event":"200","chan":"stdout","logger":"task"}
{"timestamp":"2025-10-14T07:35:00.960748Z","level":"info","event":"200","chan":"stdout","logger":"task"}
{"timestamp":"2025-10-14T07:35:01.723824Z","level":"info","event":"200","chan":"stdout","logger":"task"}
{"timestamp":"2025-10-14T07:35:01.978198Z","level":"info","event":"200","chan":"stdout","logger":"task"}
{"timestamp":"2025-10-14T07:35:03.216384Z","level":"info","event":"200","chan":"stdout","logger":"task"}
{"timestamp":"2025-10-14T07:35:03.237050Z","level":"info","event":"200","chan":"stdout","logger":"task"}
{"timestamp":"2025-10-14T07:35:03.388586Z","level":"info","event":"200","chan":"stdout","logger":"task"}
{"timestamp":"2025-10-14T07:35:04.470748Z","level":"info","event":"200","chan":"stdout","logger":"task"}
{"timestamp":"2025-10-14T07:35:04.674020Z","level":"info","event":"200","chan":"stdout","logger":"task"}
{"timestamp":"2025-10-14T07:35:06.731100Z","level":"info","event":"200","chan":"stdout","logger":"task"}
{"timestamp":"2025-10-14T07:35:07.747707Z","level":"info","event":"200","chan":"stdout","logger":"task"}
{"timestamp":"2025-10-14T07:35:10.864859Z","level":"info","event":"200","chan":"stdout","logger":"task"}
{"timestamp":"2025-10-14T07:35:11.204968Z","level":"info","event":"200","chan":"stdout","logger":"task"}
{"timestamp":"2025-10-14T07:35:13.766627Z","level":"info","event":"200","chan":"stdout","logger":"task"}
{"timestamp":"2025-10-14T07:35:19.997961Z","level":"info","event":"200","chan":"stdout","logger":"task"}
{"timestamp":"2025-10-14T07:35:20.044247Z","level":"info","event":"200","chan":"stdout","logger":"task"}
{"timestamp":"2025-10-14T07:35:20.061487Z","level":"info","event":"200","chan":"stdout","logger":"task"}
{"timestamp":"2025-10-14T07:35:20.248480Z","level":"info","event":"200","chan":"stdout","logger":"task"}
{"timestamp":"2025-10-14T07:35:20.802908Z","level":"info","event":"200","chan":"stdout","logger":"task"}
{"timestamp":"2025-10-14T07:35:21.668385Z","level":"info","event":"200","chan":"stdout","logger":"task"}
{"timestamp":"2025-10-14T07:35:22.345213Z","level":"info","event":"200","chan":"stdout","logger":"task"}
{"timestamp":"2025-10-14T07:35:24.966240Z","level":"info","event":"200","chan":"stdout","logger":"task"}
{"timestamp":"2025-10-14T07:35:25.017428Z","level":"info","event":"200","chan":"stdout","logger":"task"}
{"timestamp":"2025-10-14T07:35:26.011521Z","level":"info","event":"200","chan":"stdout","logger":"task"}
{"timestamp":"2025-10-14T07:35:30.034127Z","level":"info","event":"200","chan":"stdout","logger":"task"}
{"timestamp":"2025-10-14T07:35:33.177920Z","level":"info","event":"200","chan":"stdout","logger":"task"}
{"timestamp":"2025-10-14T07:35:33.196329Z","level":"info","event":"200","chan":"stdout","logger":"task"}
{"timestamp":"2025-10-14T07:35:34.066191Z","level":"info","event":"200","chan":"stdout","logger":"task"}
{"timestamp":"2025-10-14T07:35:34.838802Z","level":"info","event":"200","chan":"stdout","logger":"task"}
{"timestamp":"2025-10-14T07:35:35.681519Z","level":"info","event":"200","chan":"stdout","logger":"task"}
{"timestamp":"2025-10-14T07:35:35.689932Z","level":"info","event":"200","chan":"stdout","logger":"task"}
{"timestamp":"2025-10-14T07:35:35.937495Z","level":"info","event":"200","chan":"stdout","logger":"task"}
{"timestamp":"2025-10-14T07:35:36.411730Z","level":"info","event":"200","chan":"stdout","logger":"task"}
{"timestamp":"2025-10-14T07:35:37.384902Z","level":"info","event":"200","chan":"stdout","logger":"task"}
{"timestamp":"2025-10-14T07:35:37.878333Z","level":"info","event":"200","chan":"stdout","logger":"task"}
{"timestamp":"2025-10-14T07:35:41.543356Z","level":"info","event":"200","chan":"stdout","logger":"task"}
{"timestamp":"2025-10-14T07:35:42.424464Z","level":"info","event":"200","chan":"stdout","logger":"task"}
{"timestamp":"2025-10-14T07:35:43.346932Z","level":"info","event":"200","chan":"stdout","logger":"task"}
{"timestamp":"2025-10-14T07:35:44.297936Z","level":"info","event":"200","chan":"stdout","logger":"task"}
{"timestamp":"2025-10-14T07:35:44.987280Z","level":"info","event":"200","chan":"stdout","logger":"task"}
{"timestamp":"2025-10-14T07:35:45.542854Z","level":"info","event":"200","chan":"stdout","logger":"task"}
{"timestamp":"2025-10-14T07:35:45.743531Z","level":"info","event":"200","chan":"stdout","logger":"task"}
{"timestamp":"2025-10-14T07:35:46.570591Z","level":"info","event":"200","chan":"stdout","logger":"task"}
{"timestamp":"2025-10-14T07:35:47.940993Z","level":"info","event":"200","chan":"stdout","logger":"task"}
{"timestamp":"2025-10-14T07:35:48.230034Z","level":"info","event":"200","chan":"stdout","logger":"task"}
{"timestamp":"2025-10-14T07:35:48.399959Z","level":"info","event":"200","chan":"stdout","logger":"task"}
{"timestamp":"2025-10-14T07:35:50.356520Z","level":"info","event":"200","chan":"stdout","logger":"task"}
{"timestamp":"2025-10-14T07:35:50.615599Z","level":"info","event":"200","chan":"stdout","logger":"task"}
{"timestamp":"2025-10-14T07:35:52.983950Z","level":"info","event":"200","chan":"stdout","logger":"task"}
{"timestamp":"2025-10-14T07:35:56.751146Z","level":"info","event":"200","chan":"stdout","logger":"task"}
{"timestamp":"2025-10-14T07:35:59.491447Z","level":"info","event":"200","chan":"stdout","logger":"task"}
{"timestamp":"2025-10-14T07:35:59.525846Z","level":"info","event":"200","chan":"stdout","logger":"task"}
{"timestamp":"2025-10-14T07:36:00.083980Z","level":"info","event":"200","chan":"stdout","logger":"task"}
{"timestamp":"2025-10-14T07:36:01.616173Z","level":"info","event":"200","chan":"stdout","logger":"task"}
{"timestamp":"2025-10-14T07:36:01.996218Z","level":"info","event":"200","chan":"stdout","logger":"task"}
{"timestamp":"2025-10-14T07:36:02.725683Z","level":"info","event":"200","chan":"stdout","logger":"task"}
{"timestamp":"2025-10-14T07:36:02.774716Z","level":"info","event":"200","chan":"stdout","logger":"task"}
{"timestamp":"2025-10-14T07:36:02.780041Z","level":"info","event":"200","chan":"stdout","logger":"task"}
{"timestamp":"2025-10-14T07:36:05.763144Z","level":"info","event":"200","chan":"stdout","logger":"task"}
{"timestamp":"2025-10-14T07:36:07.567952Z","level":"info","event":"200","chan":"stdout","logger":"task"}
{"timestamp":"2025-10-14T07:36:07.889392Z","level":"info","event":"200","chan":"stdout","logger":"task"}
{"timestamp":"2025-10-14T07:36:13.954049Z","level":"info","event":"200","chan":"stdout","logger":"task"}
{"timestamp":"2025-10-14T07:36:15.118447Z","level":"info","event":"200","chan":"stdout","logger":"task"}
{"timestamp":"2025-10-14T07:36:15.970379Z","level":"info","event":"200","chan":"stdout","logger":"task"}
{"timestamp":"2025-10-14T07:36:16.149026Z","level":"info","event":"200","chan":"stdout","logger":"task"}
{"timestamp":"2025-10-14T07:36:17.198328Z","level":"info","event":"200","chan":"stdout","logger":"task"}
{"timestamp":"2025-10-14T07:36:17.726162Z","level":"info","event":"200","chan":"stdout","logger":"task"}
{"timestamp":"2025-10-14T07:36:20.877287Z","level":"info","event":"200","chan":"stdout","logger":"task"}
{"timestamp":"2025-10-14T07:36:23.601247Z","level":"info","event":"200","chan":"stdout","logger":"task"}
{"timestamp":"2025-10-14T07:36:27.341794Z","level":"info","event":"200","chan":"stdout","logger":"task"}
{"timestamp":"2025-10-14T07:36:27.813086Z","level":"info","event":"200","chan":"stdout","logger":"task"}
{"timestamp":"2025-10-14T07:36:29.511921Z","level":"info","event":"200","chan":"stdout","logger":"task"}
{"timestamp":"2025-10-14T07:36:29.572032Z","level":"info","event":"200","chan":"stdout","logger":"task"}
{"timestamp":"2025-10-14T07:36:29.580465Z","level":"info","event":"200","chan":"stdout","logger":"task"}
{"timestamp":"2025-10-14T07:36:30.836695Z","level":"info","event":"200","chan":"stdout","logger":"task"}
{"timestamp":"2025-10-14T07:36:31.689453Z","level":"info","event":"200","chan":"stdout","logger":"task"}
{"timestamp":"2025-10-14T07:36:32.198526Z","level":"info","event":"200","chan":"stdout","logger":"task"}
{"timestamp":"2025-10-14T07:36:34.731826Z","level":"info","event":"200","chan":"stdout","logger":"task"}
{"timestamp":"2025-10-14T07:36:35.265312Z","level":"info","event":"200","chan":"stdout","logger":"task"}
{"timestamp":"2025-10-14T07:36:36.034808Z","level":"info","event":"200","chan":"stdout","logger":"task"}
{"timestamp":"2025-10-14T07:36:36.904048Z","level":"info","event":"200","chan":"stdout","logger":"task"}
{"timestamp":"2025-10-14T07:36:38.072884Z","level":"info","event":"200","chan":"stdout","logger":"task"}
{"timestamp":"2025-10-14T07:36:38.746591Z","level":"info","event":"200","chan":"stdout","logger":"task"}
{"timestamp":"2025-10-14T07:36:40.077159Z","level":"info","event":"200","chan":"stdout","logger":"task"}
{"timestamp":"2025-10-14T07:36:40.125558Z","level":"info","event":"200","chan":"stdout","logger":"task"}
{"timestamp":"2025-10-14T07:36:40.550479Z","level":"info","event":"200","chan":"stdout","logger":"task"}
{"timestamp":"2025-10-14T07:36:40.712125Z","level":"info","event":"200","chan":"stdout","logger":"task"}
{"timestamp":"2025-10-14T07:36:41.691814Z","level":"info","event":"200","chan":"stdout","logger":"task"}
{"timestamp":"2025-10-14T07:36:43.402682Z","level":"info","event":"200","chan":"stdout","logger":"task"}
{"timestamp":"2025-10-14T07:36:44.696396Z","level":"info","event":"200","chan":"stdout","logger":"task"}
{"timestamp":"2025-10-14T07:36:44.860214Z","level":"info","event":"200","chan":"stdout","logger":"task"}
{"timestamp":"2025-10-14T07:36:46.096558Z","level":"info","event":"200","chan":"stdout","logger":"task"}
{"timestamp":"2025-10-14T07:36:48.248392Z","level":"info","event":"200","chan":"stdout","logger":"task"}
{"timestamp":"2025-10-14T07:36:50.403200Z","level":"info","event":"200","chan":"stdout","logger":"task"}
{"timestamp":"2025-10-14T07:36:50.919944Z","level":"info","event":"200","chan":"stdout","logger":"task"}
{"timestamp":"2025-10-14T07:36:51.727991Z","level":"info","event":"200","chan":"stdout","logger":"task"}
{"timestamp":"2025-10-14T07:36:52.066342Z","level":"info","event":"200","chan":"stdout","logger":"task"}
{"timestamp":"2025-10-14T07:36:52.070653Z","level":"info","event":"200","chan":"stdout","logger":"task"}
{"timestamp":"2025-10-14T07:36:52.345830Z","level":"info","event":"200","chan":"stdout","logger":"task"}
{"timestamp":"2025-10-14T07:36:52.458014Z","level":"info","event":"200","chan":"stdout","logger":"task"}
{"timestamp":"2025-10-14T07:36:53.015641Z","level":"info","event":"200","chan":"stdout","logger":"task"}
{"timestamp":"2025-10-14T07:36:54.284144Z","level":"info","event":"200","chan":"stdout","logger":"task"}
{"timestamp":"2025-10-14T07:36:57.640160Z","level":"info","event":"200","chan":"stdout","logger":"task"}
{"timestamp":"2025-10-14T07:36:57.893397Z","level":"info","event":"200","chan":"stdout","logger":"task"}
{"timestamp":"2025-10-14T07:36:58.900385Z","level":"info","event":"200","chan":"stdout","logger":"task"}
{"timestamp":"2025-10-14T07:37:01.451561Z","level":"info","event":"200","chan":"stdout","logger":"task"}
{"timestamp":"2025-10-14T07:37:03.280912Z","level":"info","event":"200","chan":"stdout","logger":"task"}
{"timestamp":"2025-10-14T07:37:03.474125Z","level":"info","event":"200","chan":"stdout","logger":"task"}
{"timestamp":"2025-10-14T07:37:03.476342Z","level":"info","event":"200","chan":"stdout","logger":"task"}
{"timestamp":"2025-10-14T07:37:04.287591Z","level":"info","event":"200","chan":"stdout","logger":"task"}
{"timestamp":"2025-10-14T07:37:04.317767Z","level":"info","event":"200","chan":"stdout","logger":"task"}
{"timestamp":"2025-10-14T07:37:04.519254Z","level":"info","event":"200","chan":"stdout","logger":"task"}
{"timestamp":"2025-10-14T07:37:09.285174Z","level":"info","event":"200","chan":"stdout","logger":"task"}
{"timestamp":"2025-10-14T07:37:09.420275Z","level":"info","event":"200","chan":"stdout","logger":"task"}
{"timestamp":"2025-10-14T07:37:09.647444Z","level":"info","event":"200","chan":"stdout","logger":"task"}
{"timestamp":"2025-10-14T07:37:09.927912Z","level":"info","event":"200","chan":"stdout","logger":"task"}
{"timestamp":"2025-10-14T07:37:10.321533Z","level":"info","event":"200","chan":"stdout","logger":"task"}
{"timestamp":"2025-10-14T07:37:11.300180Z","level":"info","event":"200","chan":"stdout","logger":"task"}
{"timestamp":"2025-10-14T07:37:14.240444Z","level":"info","event":"200","chan":"stdout","logger":"task"}
{"timestamp":"2025-10-14T07:37:16.535513Z","level":"info","event":"200","chan":"stdout","logger":"task"}
{"timestamp":"2025-10-14T07:37:16.586838Z","level":"info","event":"200","chan":"stdout","logger":"task"}
{"timestamp":"2025-10-14T07:37:17.024443Z","level":"info","event":"200","chan":"stdout","logger":"task"}
{"timestamp":"2025-10-14T07:37:18.148432Z","level":"info","event":"200","chan":"stdout","logger":"task"}
{"timestamp":"2025-10-14T07:37:24.292322Z","level":"info","event":"200","chan":"stdout","logger":"task"}
{"timestamp":"2025-10-14T07:37:27.024876Z","level":"info","event":"200","chan":"stdout","logger":"task"}
{"timestamp":"2025-10-14T07:37:27.096556Z","level":"info","event":"200","chan":"stdout","logger":"task"}
{"timestamp":"2025-10-14T07:37:28.697248Z","level":"info","event":"200","chan":"stdout","logger":"task"}
{"timestamp":"2025-10-14T07:37:30.089143Z","level":"info","event":"200","chan":"stdout","logger":"task"}
{"timestamp":"2025-10-14T07:37:30.251520Z","level":"info","event":"200","chan":"stdout","logger":"task"}
{"timestamp":"2025-10-14T07:37:30.508827Z","level":"info","event":"200","chan":"stdout","logger":"task"}
{"timestamp":"2025-10-14T07:37:30.705618Z","level":"info","event":"200","chan":"stdout","logger":"task"}
{"timestamp":"2025-10-14T07:37:30.736206Z","level":"info","event":"FINISH","chan":"stdout","logger":"task"}
{"timestamp":"2025-10-14T07:37:30.825451Z","level":"info","event":"File successfully uploaded to MinIO: airflow-bucket/data/2025-10-14/info_30_days.csv","chan":"stdout","logger":"task"}
{"timestamp":"2025-10-14T07:37:30.833886","level":"info","event":"Done. Returned value was: None","logger":"airflow.task.operators.airflow.providers.standard.decorators.python._PythonDecoratedOperator"}
