{"timestamp":"2025-10-14T08:32:32.868477","level":"info","event":"DAG bundles loaded: dags-folder","logger":"airflow.dag_processing.bundles.manager.DagBundlesManager"}
{"timestamp":"2025-10-14T08:32:32.869916","level":"info","event":"Filling up the DagBag from /opt/airflow/dags/get_info_subjects_30_days_async_dag.py","logger":"airflow.models.dagbag.DagBag"}
{"timestamp":"2025-10-14T08:32:43.793184Z","level":"info","event":"cookie done","chan":"stdout","logger":"task"}
{"timestamp":"2025-10-14T08:32:44.756703Z","level":"info","event":"200","chan":"stdout","logger":"task"}
{"timestamp":"2025-10-14T08:32:44.801041Z","level":"info","event":"200","chan":"stdout","logger":"task"}
{"timestamp":"2025-10-14T08:32:44.852991Z","level":"info","event":"200","chan":"stdout","logger":"task"}
{"timestamp":"2025-10-14T08:32:44.911731Z","level":"info","event":"200","chan":"stdout","logger":"task"}
{"timestamp":"2025-10-14T08:32:45.039381Z","level":"info","event":"200","chan":"stdout","logger":"task"}
{"timestamp":"2025-10-14T08:32:45.826407Z","level":"info","event":"200","chan":"stdout","logger":"task"}
{"timestamp":"2025-10-14T08:32:46.019309Z","level":"info","event":"200","chan":"stdout","logger":"task"}
{"timestamp":"2025-10-14T08:32:46.052780Z","level":"info","event":"200","chan":"stdout","logger":"task"}
{"timestamp":"2025-10-14T08:32:46.128268Z","level":"info","event":"200","chan":"stdout","logger":"task"}
{"timestamp":"2025-10-14T08:32:46.189417Z","level":"info","event":"200","chan":"stdout","logger":"task"}
{"timestamp":"2025-10-14T08:32:46.912618Z","level":"info","event":"200","chan":"stdout","logger":"task"}
{"timestamp":"2025-10-14T08:32:47.245366Z","level":"info","event":"200","chan":"stdout","logger":"task"}
{"timestamp":"2025-10-14T08:32:47.348427Z","level":"info","event":"200","chan":"stdout","logger":"task"}
{"timestamp":"2025-10-14T08:32:47.816166Z","level":"info","event":"200","chan":"stdout","logger":"task"}
{"timestamp":"2025-10-14T08:32:47.822000Z","level":"info","event":"200","chan":"stdout","logger":"task"}
{"timestamp":"2025-10-14T08:32:48.041445Z","level":"info","event":"200","chan":"stdout","logger":"task"}
{"timestamp":"2025-10-14T08:32:48.652589Z","level":"info","event":"200","chan":"stdout","logger":"task"}
{"timestamp":"2025-10-14T08:32:48.884400Z","level":"info","event":"200","chan":"stdout","logger":"task"}
{"timestamp":"2025-10-14T08:32:49.009892Z","level":"info","event":"200","chan":"stdout","logger":"task"}
{"timestamp":"2025-10-14T08:32:49.260373Z","level":"info","event":"200","chan":"stdout","logger":"task"}
{"timestamp":"2025-10-14T08:32:49.281643Z","level":"info","event":"200","chan":"stdout","logger":"task"}
{"timestamp":"2025-10-14T08:32:49.953962Z","level":"info","event":"200","chan":"stdout","logger":"task"}
{"timestamp":"2025-10-14T08:32:50.080066Z","level":"info","event":"200","chan":"stdout","logger":"task"}
{"timestamp":"2025-10-14T08:32:50.112395Z","level":"info","event":"200","chan":"stdout","logger":"task"}
{"timestamp":"2025-10-14T08:32:50.634884Z","level":"info","event":"200","chan":"stdout","logger":"task"}
{"timestamp":"2025-10-14T08:32:50.638884Z","level":"info","event":"200","chan":"stdout","logger":"task"}
{"timestamp":"2025-10-14T08:32:51.242013Z","level":"info","event":"200","chan":"stdout","logger":"task"}
{"timestamp":"2025-10-14T08:32:51.247044Z","level":"info","event":"200","chan":"stdout","logger":"task"}
{"timestamp":"2025-10-14T08:32:51.247452Z","level":"info","event":"200","chan":"stdout","logger":"task"}
{"timestamp":"2025-10-14T08:32:51.726891Z","level":"info","event":"200","chan":"stdout","logger":"task"}
{"timestamp":"2025-10-14T08:32:51.737385Z","level":"info","event":"200","chan":"stdout","logger":"task"}
{"timestamp":"2025-10-14T08:32:52.366469Z","level":"info","event":"200","chan":"stdout","logger":"task"}
{"timestamp":"2025-10-14T08:32:52.386842Z","level":"info","event":"200","chan":"stdout","logger":"task"}
{"timestamp":"2025-10-14T08:32:52.517171Z","level":"info","event":"200","chan":"stdout","logger":"task"}
{"timestamp":"2025-10-14T08:32:53.069800Z","level":"info","event":"200","chan":"stdout","logger":"task"}
{"timestamp":"2025-10-14T08:32:53.202440Z","level":"info","event":"200","chan":"stdout","logger":"task"}
{"timestamp":"2025-10-14T08:32:53.624173Z","level":"info","event":"200","chan":"stdout","logger":"task"}
{"timestamp":"2025-10-14T08:32:53.713563Z","level":"info","event":"200","chan":"stdout","logger":"task"}
{"timestamp":"2025-10-14T08:32:53.826385Z","level":"info","event":"200","chan":"stdout","logger":"task"}
{"timestamp":"2025-10-14T08:32:54.083440Z","level":"info","event":"200","chan":"stdout","logger":"task"}
{"timestamp":"2025-10-14T08:32:54.505729Z","level":"info","event":"200","chan":"stdout","logger":"task"}
{"timestamp":"2025-10-14T08:32:54.598873Z","level":"info","event":"200","chan":"stdout","logger":"task"}
{"timestamp":"2025-10-14T08:32:54.602069Z","level":"info","event":"200","chan":"stdout","logger":"task"}
{"timestamp":"2025-10-14T08:32:54.882188Z","level":"info","event":"200","chan":"stdout","logger":"task"}
{"timestamp":"2025-10-14T08:32:55.307595Z","level":"info","event":"200","chan":"stdout","logger":"task"}
{"timestamp":"2025-10-14T08:32:55.439525Z","level":"info","event":"200","chan":"stdout","logger":"task"}
{"timestamp":"2025-10-14T08:32:55.674199Z","level":"info","event":"200","chan":"stdout","logger":"task"}
{"timestamp":"2025-10-14T08:32:55.841376Z","level":"info","event":"200","chan":"stdout","logger":"task"}
{"timestamp":"2025-10-14T08:32:56.212896Z","level":"info","event":"200","chan":"stdout","logger":"task"}
{"timestamp":"2025-10-14T08:32:56.729227Z","level":"info","event":"200","chan":"stdout","logger":"task"}
{"timestamp":"2025-10-14T08:32:56.761755Z","level":"info","event":"200","chan":"stdout","logger":"task"}
{"timestamp":"2025-10-14T08:32:56.913760Z","level":"info","event":"200","chan":"stdout","logger":"task"}
{"timestamp":"2025-10-14T08:32:56.979537Z","level":"info","event":"200","chan":"stdout","logger":"task"}
{"timestamp":"2025-10-14T08:32:57.319556Z","level":"info","event":"200","chan":"stdout","logger":"task"}
{"timestamp":"2025-10-14T08:32:57.823001Z","level":"info","event":"200","chan":"stdout","logger":"task"}
{"timestamp":"2025-10-14T08:32:57.846936Z","level":"info","event":"200","chan":"stdout","logger":"task"}
{"timestamp":"2025-10-14T08:32:58.004861Z","level":"info","event":"200","chan":"stdout","logger":"task"}
{"timestamp":"2025-10-14T08:32:58.105907Z","level":"info","event":"200","chan":"stdout","logger":"task"}
{"timestamp":"2025-10-14T08:32:58.440535Z","level":"info","event":"200","chan":"stdout","logger":"task"}
{"timestamp":"2025-10-14T08:32:58.956330Z","level":"info","event":"200","chan":"stdout","logger":"task"}
{"timestamp":"2025-10-14T08:32:59.068446Z","level":"info","event":"200","chan":"stdout","logger":"task"}
{"timestamp":"2025-10-14T08:32:59.205318Z","level":"info","event":"200","chan":"stdout","logger":"task"}
{"timestamp":"2025-10-14T08:32:59.586426Z","level":"info","event":"200","chan":"stdout","logger":"task"}
{"timestamp":"2025-10-14T08:32:59.849108Z","level":"info","event":"200","chan":"stdout","logger":"task"}
{"timestamp":"2025-10-14T08:33:00.099231Z","level":"info","event":"200","chan":"stdout","logger":"task"}
{"timestamp":"2025-10-14T08:33:00.503192Z","level":"info","event":"200","chan":"stdout","logger":"task"}
{"timestamp":"2025-10-14T08:33:00.595299Z","level":"info","event":"200","chan":"stdout","logger":"task"}
{"timestamp":"2025-10-14T08:33:00.722994Z","level":"info","event":"200","chan":"stdout","logger":"task"}
{"timestamp":"2025-10-14T08:33:00.980677Z","level":"info","event":"200","chan":"stdout","logger":"task"}
{"timestamp":"2025-10-14T08:33:01.454119Z","level":"info","event":"200","chan":"stdout","logger":"task"}
{"timestamp":"2025-10-14T08:33:01.661425Z","level":"info","event":"200","chan":"stdout","logger":"task"}
{"timestamp":"2025-10-14T08:33:01.989622Z","level":"info","event":"200","chan":"stdout","logger":"task"}
{"timestamp":"2025-10-14T08:33:02.106195Z","level":"info","event":"200","chan":"stdout","logger":"task"}
{"timestamp":"2025-10-14T08:33:02.312842Z","level":"info","event":"200","chan":"stdout","logger":"task"}
{"timestamp":"2025-10-14T08:33:02.670965Z","level":"info","event":"200","chan":"stdout","logger":"task"}
{"timestamp":"2025-10-14T08:33:02.805935Z","level":"info","event":"200","chan":"stdout","logger":"task"}
{"timestamp":"2025-10-14T08:33:03.240080Z","level":"info","event":"200","chan":"stdout","logger":"task"}
{"timestamp":"2025-10-14T08:33:03.312834Z","level":"info","event":"200","chan":"stdout","logger":"task"}
{"timestamp":"2025-10-14T08:33:03.415548Z","level":"info","event":"200","chan":"stdout","logger":"task"}
{"timestamp":"2025-10-14T08:33:04.090503Z","level":"info","event":"200","chan":"stdout","logger":"task"}
{"timestamp":"2025-10-14T08:33:04.247056Z","level":"info","event":"200","chan":"stdout","logger":"task"}
{"timestamp":"2025-10-14T08:33:04.661328Z","level":"info","event":"200","chan":"stdout","logger":"task"}
{"timestamp":"2025-10-14T08:33:04.708087Z","level":"info","event":"200","chan":"stdout","logger":"task"}
{"timestamp":"2025-10-14T08:33:04.739486Z","level":"info","event":"200","chan":"stdout","logger":"task"}
{"timestamp":"2025-10-14T08:33:05.242036Z","level":"info","event":"200","chan":"stdout","logger":"task"}
{"timestamp":"2025-10-14T08:33:05.932212Z","level":"info","event":"200","chan":"stdout","logger":"task"}
{"timestamp":"2025-10-14T08:33:06.031199Z","level":"info","event":"200","chan":"stdout","logger":"task"}
{"timestamp":"2025-10-14T08:33:06.035857Z","level":"info","event":"200","chan":"stdout","logger":"task"}
{"timestamp":"2025-10-14T08:33:06.173838Z","level":"info","event":"200","chan":"stdout","logger":"task"}
{"timestamp":"2025-10-14T08:33:06.395917Z","level":"info","event":"200","chan":"stdout","logger":"task"}
{"timestamp":"2025-10-14T08:33:07.055955Z","level":"info","event":"200","chan":"stdout","logger":"task"}
{"timestamp":"2025-10-14T08:33:07.091352Z","level":"info","event":"200","chan":"stdout","logger":"task"}
{"timestamp":"2025-10-14T08:33:07.179351Z","level":"info","event":"200","chan":"stdout","logger":"task"}
{"timestamp":"2025-10-14T08:33:07.674533Z","level":"info","event":"200","chan":"stdout","logger":"task"}
{"timestamp":"2025-10-14T08:33:07.675206Z","level":"info","event":"200","chan":"stdout","logger":"task"}
{"timestamp":"2025-10-14T08:33:08.182608Z","level":"info","event":"200","chan":"stdout","logger":"task"}
{"timestamp":"2025-10-14T08:33:08.183687Z","level":"info","event":"200","chan":"stdout","logger":"task"}
{"timestamp":"2025-10-14T08:33:08.386673Z","level":"info","event":"200","chan":"stdout","logger":"task"}
{"timestamp":"2025-10-14T08:33:09.206671Z","level":"info","event":"200","chan":"stdout","logger":"task"}
{"timestamp":"2025-10-14T08:33:09.226892Z","level":"info","event":"200","chan":"stdout","logger":"task"}
{"timestamp":"2025-10-14T08:33:09.371077Z","level":"info","event":"200","chan":"stdout","logger":"task"}
{"timestamp":"2025-10-14T08:33:09.577815Z","level":"info","event":"200","chan":"stdout","logger":"task"}
{"timestamp":"2025-10-14T08:33:09.671979Z","level":"info","event":"200","chan":"stdout","logger":"task"}
{"timestamp":"2025-10-14T08:33:10.118738Z","level":"info","event":"200","chan":"stdout","logger":"task"}
{"timestamp":"2025-10-14T08:33:10.253993Z","level":"info","event":"200","chan":"stdout","logger":"task"}
{"timestamp":"2025-10-14T08:33:10.720020Z","level":"info","event":"200","chan":"stdout","logger":"task"}
{"timestamp":"2025-10-14T08:33:10.755312Z","level":"info","event":"200","chan":"stdout","logger":"task"}
{"timestamp":"2025-10-14T08:33:10.934380Z","level":"info","event":"200","chan":"stdout","logger":"task"}
{"timestamp":"2025-10-14T08:33:11.364672Z","level":"info","event":"200","chan":"stdout","logger":"task"}
{"timestamp":"2025-10-14T08:33:11.403172Z","level":"info","event":"200","chan":"stdout","logger":"task"}
{"timestamp":"2025-10-14T08:33:11.766405Z","level":"info","event":"200","chan":"stdout","logger":"task"}
{"timestamp":"2025-10-14T08:33:11.977239Z","level":"info","event":"200","chan":"stdout","logger":"task"}
{"timestamp":"2025-10-14T08:33:12.037393Z","level":"info","event":"200","chan":"stdout","logger":"task"}
{"timestamp":"2025-10-14T08:33:12.379601Z","level":"info","event":"200","chan":"stdout","logger":"task"}
{"timestamp":"2025-10-14T08:33:12.602163Z","level":"info","event":"200","chan":"stdout","logger":"task"}
{"timestamp":"2025-10-14T08:33:13.034494Z","level":"info","event":"200","chan":"stdout","logger":"task"}
{"timestamp":"2025-10-14T08:33:13.233808Z","level":"info","event":"200","chan":"stdout","logger":"task"}
{"timestamp":"2025-10-14T08:33:13.317464Z","level":"info","event":"200","chan":"stdout","logger":"task"}
{"timestamp":"2025-10-14T08:33:13.612264Z","level":"info","event":"200","chan":"stdout","logger":"task"}
{"timestamp":"2025-10-14T08:33:13.820387Z","level":"info","event":"200","chan":"stdout","logger":"task"}
{"timestamp":"2025-10-14T08:33:14.353988Z","level":"info","event":"200","chan":"stdout","logger":"task"}
{"timestamp":"2025-10-14T08:33:14.410607Z","level":"info","event":"200","chan":"stdout","logger":"task"}
{"timestamp":"2025-10-14T08:33:14.440767Z","level":"info","event":"200","chan":"stdout","logger":"task"}
{"timestamp":"2025-10-14T08:33:14.839441Z","level":"info","event":"200","chan":"stdout","logger":"task"}
{"timestamp":"2025-10-14T08:33:14.914003Z","level":"info","event":"200","chan":"stdout","logger":"task"}
{"timestamp":"2025-10-14T08:33:15.542961Z","level":"info","event":"200","chan":"stdout","logger":"task"}
{"timestamp":"2025-10-14T08:33:15.704803Z","level":"info","event":"200","chan":"stdout","logger":"task"}
{"timestamp":"2025-10-14T08:33:15.786073Z","level":"info","event":"200","chan":"stdout","logger":"task"}
{"timestamp":"2025-10-14T08:33:16.169068Z","level":"info","event":"200","chan":"stdout","logger":"task"}
{"timestamp":"2025-10-14T08:33:16.394792Z","level":"info","event":"200","chan":"stdout","logger":"task"}
{"timestamp":"2025-10-14T08:33:16.932228Z","level":"info","event":"200","chan":"stdout","logger":"task"}
{"timestamp":"2025-10-14T08:33:17.096997Z","level":"info","event":"200","chan":"stdout","logger":"task"}
{"timestamp":"2025-10-14T08:33:17.398809Z","level":"info","event":"200","chan":"stdout","logger":"task"}
{"timestamp":"2025-10-14T08:33:17.570107Z","level":"info","event":"200","chan":"stdout","logger":"task"}
{"timestamp":"2025-10-14T08:33:18.035733Z","level":"info","event":"200","chan":"stdout","logger":"task"}
{"timestamp":"2025-10-14T08:33:18.453982Z","level":"info","event":"200","chan":"stdout","logger":"task"}
{"timestamp":"2025-10-14T08:33:18.636889Z","level":"info","event":"200","chan":"stdout","logger":"task"}
{"timestamp":"2025-10-14T08:33:18.726967Z","level":"info","event":"200","chan":"stdout","logger":"task"}
{"timestamp":"2025-10-14T08:33:19.449848Z","level":"info","event":"200","chan":"stdout","logger":"task"}
{"timestamp":"2025-10-14T08:33:19.792777Z","level":"info","event":"200","chan":"stdout","logger":"task"}
{"timestamp":"2025-10-14T08:33:20.060010Z","level":"info","event":"200","chan":"stdout","logger":"task"}
{"timestamp":"2025-10-14T08:33:20.572438Z","level":"info","event":"200","chan":"stdout","logger":"task"}
{"timestamp":"2025-10-14T08:33:20.593663Z","level":"info","event":"200","chan":"stdout","logger":"task"}
{"timestamp":"2025-10-14T08:33:21.290353Z","level":"info","event":"200","chan":"stdout","logger":"task"}
{"timestamp":"2025-10-14T08:33:21.595901Z","level":"info","event":"200","chan":"stdout","logger":"task"}
{"timestamp":"2025-10-14T08:33:21.596400Z","level":"info","event":"200","chan":"stdout","logger":"task"}
{"timestamp":"2025-10-14T08:33:21.882217Z","level":"info","event":"200","chan":"stdout","logger":"task"}
{"timestamp":"2025-10-14T08:33:22.076477Z","level":"info","event":"200","chan":"stdout","logger":"task"}
{"timestamp":"2025-10-14T08:33:22.768125Z","level":"info","event":"200","chan":"stdout","logger":"task"}
{"timestamp":"2025-10-14T08:33:23.131937Z","level":"info","event":"200","chan":"stdout","logger":"task"}
{"timestamp":"2025-10-14T08:33:23.180685Z","level":"info","event":"200","chan":"stdout","logger":"task"}
{"timestamp":"2025-10-14T08:33:23.377766Z","level":"info","event":"200","chan":"stdout","logger":"task"}
{"timestamp":"2025-10-14T08:33:23.686295Z","level":"info","event":"200","chan":"stdout","logger":"task"}
{"timestamp":"2025-10-14T08:33:24.007329Z","level":"info","event":"200","chan":"stdout","logger":"task"}
{"timestamp":"2025-10-14T08:33:24.464573Z","level":"info","event":"200","chan":"stdout","logger":"task"}
{"timestamp":"2025-10-14T08:33:24.482278Z","level":"info","event":"200","chan":"stdout","logger":"task"}
{"timestamp":"2025-10-14T08:33:24.770811Z","level":"info","event":"200","chan":"stdout","logger":"task"}
{"timestamp":"2025-10-14T08:33:24.771837Z","level":"info","event":"200","chan":"stdout","logger":"task"}
{"timestamp":"2025-10-14T08:33:25.701690Z","level":"info","event":"200","chan":"stdout","logger":"task"}
{"timestamp":"2025-10-14T08:33:25.997695Z","level":"info","event":"200","chan":"stdout","logger":"task"}
{"timestamp":"2025-10-14T08:33:26.212664Z","level":"info","event":"200","chan":"stdout","logger":"task"}
{"timestamp":"2025-10-14T08:33:26.254319Z","level":"info","event":"200","chan":"stdout","logger":"task"}
{"timestamp":"2025-10-14T08:33:26.355701Z","level":"info","event":"200","chan":"stdout","logger":"task"}
{"timestamp":"2025-10-14T08:33:26.963261Z","level":"info","event":"200","chan":"stdout","logger":"task"}
{"timestamp":"2025-10-14T08:33:27.144142Z","level":"info","event":"200","chan":"stdout","logger":"task"}
{"timestamp":"2025-10-14T08:33:27.884800Z","level":"info","event":"200","chan":"stdout","logger":"task"}
{"timestamp":"2025-10-14T08:33:27.942881Z","level":"info","event":"200","chan":"stdout","logger":"task"}
{"timestamp":"2025-10-14T08:33:27.977308Z","level":"info","event":"200","chan":"stdout","logger":"task"}
{"timestamp":"2025-10-14T08:33:28.614116Z","level":"info","event":"200","chan":"stdout","logger":"task"}
{"timestamp":"2025-10-14T08:33:28.615668Z","level":"info","event":"200","chan":"stdout","logger":"task"}
{"timestamp":"2025-10-14T08:33:29.213616Z","level":"info","event":"200","chan":"stdout","logger":"task"}
{"timestamp":"2025-10-14T08:33:29.479918Z","level":"info","event":"200","chan":"stdout","logger":"task"}
{"timestamp":"2025-10-14T08:33:29.694403Z","level":"info","event":"200","chan":"stdout","logger":"task"}
{"timestamp":"2025-10-14T08:33:29.874951Z","level":"info","event":"200","chan":"stdout","logger":"task"}
{"timestamp":"2025-10-14T08:33:29.916390Z","level":"info","event":"200","chan":"stdout","logger":"task"}
{"timestamp":"2025-10-14T08:33:30.449002Z","level":"info","event":"200","chan":"stdout","logger":"task"}
{"timestamp":"2025-10-14T08:33:30.773624Z","level":"info","event":"200","chan":"stdout","logger":"task"}
{"timestamp":"2025-10-14T08:33:31.118965Z","level":"info","event":"200","chan":"stdout","logger":"task"}
{"timestamp":"2025-10-14T08:33:31.230126Z","level":"info","event":"200","chan":"stdout","logger":"task"}
{"timestamp":"2025-10-14T08:33:31.269895Z","level":"info","event":"200","chan":"stdout","logger":"task"}
{"timestamp":"2025-10-14T08:33:31.537956Z","level":"info","event":"200","chan":"stdout","logger":"task"}
{"timestamp":"2025-10-14T08:33:31.938323Z","level":"info","event":"200","chan":"stdout","logger":"task"}
{"timestamp":"2025-10-14T08:33:32.086370Z","level":"info","event":"200","chan":"stdout","logger":"task"}
{"timestamp":"2025-10-14T08:33:32.406966Z","level":"info","event":"200","chan":"stdout","logger":"task"}
{"timestamp":"2025-10-14T08:33:32.536048Z","level":"info","event":"200","chan":"stdout","logger":"task"}
{"timestamp":"2025-10-14T08:33:33.140204Z","level":"info","event":"200","chan":"stdout","logger":"task"}
{"timestamp":"2025-10-14T08:33:33.321708Z","level":"info","event":"200","chan":"stdout","logger":"task"}
{"timestamp":"2025-10-14T08:33:33.349647Z","level":"info","event":"200","chan":"stdout","logger":"task"}
{"timestamp":"2025-10-14T08:33:33.811185Z","level":"info","event":"200","chan":"stdout","logger":"task"}
{"timestamp":"2025-10-14T08:33:34.175406Z","level":"info","event":"200","chan":"stdout","logger":"task"}
{"timestamp":"2025-10-14T08:33:34.997248Z","level":"info","event":"200","chan":"stdout","logger":"task"}
{"timestamp":"2025-10-14T08:33:35.044749Z","level":"info","event":"200","chan":"stdout","logger":"task"}
{"timestamp":"2025-10-14T08:33:35.060266Z","level":"info","event":"200","chan":"stdout","logger":"task"}
{"timestamp":"2025-10-14T08:33:35.421713Z","level":"info","event":"200","chan":"stdout","logger":"task"}
{"timestamp":"2025-10-14T08:33:35.798564Z","level":"info","event":"200","chan":"stdout","logger":"task"}
{"timestamp":"2025-10-14T08:33:36.064801Z","level":"info","event":"200","chan":"stdout","logger":"task"}
{"timestamp":"2025-10-14T08:33:36.445962Z","level":"info","event":"200","chan":"stdout","logger":"task"}
{"timestamp":"2025-10-14T08:33:36.446835Z","level":"info","event":"200","chan":"stdout","logger":"task"}
{"timestamp":"2025-10-14T08:33:37.160969Z","level":"info","event":"200","chan":"stdout","logger":"task"}
{"timestamp":"2025-10-14T08:33:38.287232Z","level":"info","event":"200","chan":"stdout","logger":"task"}
{"timestamp":"2025-10-14T08:33:38.301450Z","level":"info","event":"FINISH","chan":"stdout","logger":"task"}
{"timestamp":"2025-10-14T08:33:38.302749Z","level":"info","event":"(30, 5)","chan":"stdout","logger":"task"}
{"timestamp":"2025-10-14T08:33:38.335033Z","level":"info","event":"File successfully uploaded to MinIO: airflow-bucket/data/2025-10-14/info_subject_30_days.csv","chan":"stdout","logger":"task"}
{"timestamp":"2025-10-14T08:33:38.340730","level":"info","event":"Done. Returned value was: None","logger":"airflow.task.operators.airflow.providers.standard.decorators.python._PythonDecoratedOperator"}
