{"timestamp":"2025-09-15T07:52:03.533243","level":"info","event":"Filling up the DagBag from /opt/airflow/dags/get_info_30_days_dag.py","logger":"airflow.models.dagbag.DagBag"}
{"timestamp":"2025-09-15T07:52:08.921788","level":"error","event":"Failed to import: /opt/airflow/dags/get_info_30_days_dag.py","logger":"airflow.models.dagbag.DagBag","error_detail":[{"exc_type":"ModuleNotFoundError","exc_value":"No module named 'webdriver_manager'","exc_notes":[],"syntax_error":null,"is_cause":false,"frames":[{"filename":"/home/airflow/.local/lib/python3.12/site-packages/airflow/models/dagbag.py","lineno":394,"name":"parse"},{"filename":"<frozen importlib._bootstrap_external>","lineno":999,"name":"exec_module"},{"filename":"<frozen importlib._bootstrap>","lineno":488,"name":"_call_with_frames_removed"},{"filename":"/opt/airflow/dags/get_info_30_days_dag.py","lineno":2,"name":"<module>"},{"filename":"/opt/airflow/dags/endpoints.py","lineno":6,"name":"<module>"}],"is_group":false,"exceptions":[]}]}
{"timestamp":"2025-09-15T07:52:39.033298","level":"info","event":"Filling up the DagBag from /opt/airflow/dags/get_info_30_days_dag.py","logger":"airflow.models.dagbag.DagBag"}
{"timestamp":"2025-09-15T07:52:39.379953","level":"error","event":"Failed to import: /opt/airflow/dags/get_info_30_days_dag.py","logger":"airflow.models.dagbag.DagBag","error_detail":[{"exc_type":"ModuleNotFoundError","exc_value":"No module named 'webdriver_manager'","exc_notes":[],"syntax_error":null,"is_cause":false,"frames":[{"filename":"/home/airflow/.local/lib/python3.12/site-packages/airflow/models/dagbag.py","lineno":394,"name":"parse"},{"filename":"<frozen importlib._bootstrap_external>","lineno":999,"name":"exec_module"},{"filename":"<frozen importlib._bootstrap>","lineno":488,"name":"_call_with_frames_removed"},{"filename":"/opt/airflow/dags/get_info_30_days_dag.py","lineno":2,"name":"<module>"},{"filename":"/opt/airflow/dags/endpoints.py","lineno":6,"name":"<module>"}],"is_group":false,"exceptions":[]}]}
{"timestamp":"2025-09-15T07:53:10.056958","level":"info","event":"Filling up the DagBag from /opt/airflow/dags/get_info_30_days_dag.py","logger":"airflow.models.dagbag.DagBag"}
{"timestamp":"2025-09-15T07:53:10.290593","level":"error","event":"Failed to import: /opt/airflow/dags/get_info_30_days_dag.py","logger":"airflow.models.dagbag.DagBag","error_detail":[{"exc_type":"ModuleNotFoundError","exc_value":"No module named 'webdriver_manager'","exc_notes":[],"syntax_error":null,"is_cause":false,"frames":[{"filename":"/home/airflow/.local/lib/python3.12/site-packages/airflow/models/dagbag.py","lineno":394,"name":"parse"},{"filename":"<frozen importlib._bootstrap_external>","lineno":999,"name":"exec_module"},{"filename":"<frozen importlib._bootstrap>","lineno":488,"name":"_call_with_frames_removed"},{"filename":"/opt/airflow/dags/get_info_30_days_dag.py","lineno":2,"name":"<module>"},{"filename":"/opt/airflow/dags/endpoints.py","lineno":6,"name":"<module>"}],"is_group":false,"exceptions":[]}]}
{"timestamp":"2025-09-15T07:53:41.005546","level":"info","event":"Filling up the DagBag from /opt/airflow/dags/get_info_30_days_dag.py","logger":"airflow.models.dagbag.DagBag"}
{"timestamp":"2025-09-15T07:53:41.301094","level":"error","event":"Failed to import: /opt/airflow/dags/get_info_30_days_dag.py","logger":"airflow.models.dagbag.DagBag","error_detail":[{"exc_type":"ModuleNotFoundError","exc_value":"No module named 'webdriver_manager'","exc_notes":[],"syntax_error":null,"is_cause":false,"frames":[{"filename":"/home/airflow/.local/lib/python3.12/site-packages/airflow/models/dagbag.py","lineno":394,"name":"parse"},{"filename":"<frozen importlib._bootstrap_external>","lineno":999,"name":"exec_module"},{"filename":"<frozen importlib._bootstrap>","lineno":488,"name":"_call_with_frames_removed"},{"filename":"/opt/airflow/dags/get_info_30_days_dag.py","lineno":2,"name":"<module>"},{"filename":"/opt/airflow/dags/endpoints.py","lineno":6,"name":"<module>"}],"is_group":false,"exceptions":[]}]}
{"timestamp":"2025-09-15T07:55:12.462506","level":"info","event":"Filling up the DagBag from /opt/airflow/dags/get_info_30_days_dag.py","logger":"airflow.models.dagbag.DagBag"}
{"timestamp":"2025-09-15T07:55:17.220974","level":"error","event":"Failed to import: /opt/airflow/dags/get_info_30_days_dag.py","logger":"airflow.models.dagbag.DagBag","error_detail":[{"exc_type":"ModuleNotFoundError","exc_value":"No module named 'webdriver_manager'","exc_notes":[],"syntax_error":null,"is_cause":false,"frames":[{"filename":"/home/airflow/.local/lib/python3.12/site-packages/airflow/models/dagbag.py","lineno":394,"name":"parse"},{"filename":"<frozen importlib._bootstrap_external>","lineno":999,"name":"exec_module"},{"filename":"<frozen importlib._bootstrap>","lineno":488,"name":"_call_with_frames_removed"},{"filename":"/opt/airflow/dags/get_info_30_days_dag.py","lineno":2,"name":"<module>"},{"filename":"/opt/airflow/dags/endpoints.py","lineno":6,"name":"<module>"}],"is_group":false,"exceptions":[]}]}
{"timestamp":"2025-09-15T07:55:47.595927","level":"info","event":"Filling up the DagBag from /opt/airflow/dags/get_info_30_days_dag.py","logger":"airflow.models.dagbag.DagBag"}
{"timestamp":"2025-09-15T07:55:48.247344","level":"error","event":"Failed to import: /opt/airflow/dags/get_info_30_days_dag.py","logger":"airflow.models.dagbag.DagBag","error_detail":[{"exc_type":"ModuleNotFoundError","exc_value":"No module named 'webdriver_manager'","exc_notes":[],"syntax_error":null,"is_cause":false,"frames":[{"filename":"/home/airflow/.local/lib/python3.12/site-packages/airflow/models/dagbag.py","lineno":394,"name":"parse"},{"filename":"<frozen importlib._bootstrap_external>","lineno":999,"name":"exec_module"},{"filename":"<frozen importlib._bootstrap>","lineno":488,"name":"_call_with_frames_removed"},{"filename":"/opt/airflow/dags/get_info_30_days_dag.py","lineno":2,"name":"<module>"},{"filename":"/opt/airflow/dags/endpoints.py","lineno":6,"name":"<module>"}],"is_group":false,"exceptions":[]}]}
{"timestamp":"2025-09-15T07:56:18.959807","level":"info","event":"Filling up the DagBag from /opt/airflow/dags/get_info_30_days_dag.py","logger":"airflow.models.dagbag.DagBag"}
{"timestamp":"2025-09-15T07:56:19.281682","level":"error","event":"Failed to import: /opt/airflow/dags/get_info_30_days_dag.py","logger":"airflow.models.dagbag.DagBag","error_detail":[{"exc_type":"ModuleNotFoundError","exc_value":"No module named 'webdriver_manager'","exc_notes":[],"syntax_error":null,"is_cause":false,"frames":[{"filename":"/home/airflow/.local/lib/python3.12/site-packages/airflow/models/dagbag.py","lineno":394,"name":"parse"},{"filename":"<frozen importlib._bootstrap_external>","lineno":999,"name":"exec_module"},{"filename":"<frozen importlib._bootstrap>","lineno":488,"name":"_call_with_frames_removed"},{"filename":"/opt/airflow/dags/get_info_30_days_dag.py","lineno":2,"name":"<module>"},{"filename":"/opt/airflow/dags/endpoints.py","lineno":6,"name":"<module>"}],"is_group":false,"exceptions":[]}]}
{"timestamp":"2025-09-15T07:59:09.455806","level":"info","event":"Filling up the DagBag from /opt/airflow/dags/get_info_30_days_dag.py","logger":"airflow.models.dagbag.DagBag"}
{"timestamp":"2025-09-15T07:59:39.980687","level":"error","event":"Process timed out, PID: 42","logger":"airflow.utils.timeout.TimeoutPosix"}
{"timestamp":"2025-09-15T07:59:41.991437Z","level":"error","event":"Exception ignored in: <function _collection_gced at 0xffff92ead300>","chan":"stderr","logger":"processor"}
{"timestamp":"2025-09-15T07:59:41.991627Z","level":"error","event":"Traceback (most recent call last):","chan":"stderr","logger":"processor"}
{"timestamp":"2025-09-15T07:59:41.991875Z","level":"error","event":"  File \"/home/airflow/.local/lib/python3.12/site-packages/sqlalchemy/event/registry.py\", line 53, in _collection_gced","chan":"stderr","logger":"processor"}
{"timestamp":"2025-09-15T07:59:41.993880Z","level":"error","event":"    def _collection_gced(ref):","chan":"stderr","logger":"processor"}
{"timestamp":"2025-09-15T07:59:41.994355Z","level":"error","event":"","chan":"stderr","logger":"processor"}
{"timestamp":"2025-09-15T07:59:41.995363Z","level":"error","event":"  File \"/home/airflow/.local/lib/python3.12/site-packages/airflow/utils/timeout.py\", line 69, in handle_timeout","chan":"stderr","logger":"processor"}
{"timestamp":"2025-09-15T07:59:41.995642Z","level":"error","event":"    raise AirflowTaskTimeout(self.error_message)","chan":"stderr","logger":"processor"}
{"timestamp":"2025-09-15T07:59:41.996443Z","level":"error","event":"airflow.exceptions.AirflowTaskTimeout: DagBag import timeout for /opt/airflow/dags/get_info_30_days_dag.py after 30.0s.","chan":"stderr","logger":"processor"}
{"timestamp":"2025-09-15T07:59:41.996558Z","level":"error","event":"Please take a look at these docs to improve your DAG import time:","chan":"stderr","logger":"processor"}
{"timestamp":"2025-09-15T07:59:41.996635Z","level":"error","event":"* https://airflow.apache.org/docs/apache-airflow/3.0.5/best-practices.html#top-level-python-code","chan":"stderr","logger":"processor"}
{"timestamp":"2025-09-15T07:59:41.996953Z","level":"error","event":"* https://airflow.apache.org/docs/apache-airflow/3.0.5/best-practices.html#reducing-dag-complexity, PID: 42","chan":"stderr","logger":"processor"}
{"timestamp":"2025-09-15T08:00:13.179763","level":"info","event":"Filling up the DagBag from /opt/airflow/dags/get_info_30_days_dag.py","logger":"airflow.models.dagbag.DagBag"}
{"timestamp":"2025-09-15T08:00:46.648404","level":"info","event":"Filling up the DagBag from /opt/airflow/dags/get_info_30_days_dag.py","logger":"airflow.models.dagbag.DagBag"}
{"timestamp":"2025-09-15T08:01:17.725792","level":"info","event":"Filling up the DagBag from /opt/airflow/dags/get_info_30_days_dag.py","logger":"airflow.models.dagbag.DagBag"}
{"timestamp":"2025-09-15T08:01:49.118754","level":"info","event":"Filling up the DagBag from /opt/airflow/dags/get_info_30_days_dag.py","logger":"airflow.models.dagbag.DagBag"}
{"timestamp":"2025-09-15T08:02:19.828537","level":"info","event":"Filling up the DagBag from /opt/airflow/dags/get_info_30_days_dag.py","logger":"airflow.models.dagbag.DagBag"}
{"timestamp":"2025-09-15T08:02:51.545107","level":"info","event":"Filling up the DagBag from /opt/airflow/dags/get_info_30_days_dag.py","logger":"airflow.models.dagbag.DagBag"}
{"timestamp":"2025-09-15T08:03:23.314672","level":"info","event":"Filling up the DagBag from /opt/airflow/dags/get_info_30_days_dag.py","logger":"airflow.models.dagbag.DagBag"}
{"timestamp":"2025-09-15T08:03:54.814135","level":"info","event":"Filling up the DagBag from /opt/airflow/dags/get_info_30_days_dag.py","logger":"airflow.models.dagbag.DagBag"}
{"timestamp":"2025-09-15T08:04:26.175632","level":"info","event":"Filling up the DagBag from /opt/airflow/dags/get_info_30_days_dag.py","logger":"airflow.models.dagbag.DagBag"}
{"timestamp":"2025-09-15T08:04:57.337153","level":"info","event":"Filling up the DagBag from /opt/airflow/dags/get_info_30_days_dag.py","logger":"airflow.models.dagbag.DagBag"}
{"timestamp":"2025-09-15T08:05:28.430694","level":"info","event":"Filling up the DagBag from /opt/airflow/dags/get_info_30_days_dag.py","logger":"airflow.models.dagbag.DagBag"}
{"timestamp":"2025-09-15T08:05:59.499879","level":"info","event":"Filling up the DagBag from /opt/airflow/dags/get_info_30_days_dag.py","logger":"airflow.models.dagbag.DagBag"}
{"timestamp":"2025-09-15T08:06:30.607892","level":"info","event":"Filling up the DagBag from /opt/airflow/dags/get_info_30_days_dag.py","logger":"airflow.models.dagbag.DagBag"}
{"timestamp":"2025-09-15T08:07:01.683761","level":"info","event":"Filling up the DagBag from /opt/airflow/dags/get_info_30_days_dag.py","logger":"airflow.models.dagbag.DagBag"}
{"timestamp":"2025-09-15T08:07:32.746870","level":"info","event":"Filling up the DagBag from /opt/airflow/dags/get_info_30_days_dag.py","logger":"airflow.models.dagbag.DagBag"}
{"timestamp":"2025-09-15T08:08:03.785725","level":"info","event":"Filling up the DagBag from /opt/airflow/dags/get_info_30_days_dag.py","logger":"airflow.models.dagbag.DagBag"}
{"timestamp":"2025-09-15T08:08:34.850138","level":"info","event":"Filling up the DagBag from /opt/airflow/dags/get_info_30_days_dag.py","logger":"airflow.models.dagbag.DagBag"}
{"timestamp":"2025-09-15T08:09:05.931065","level":"info","event":"Filling up the DagBag from /opt/airflow/dags/get_info_30_days_dag.py","logger":"airflow.models.dagbag.DagBag"}
{"timestamp":"2025-09-15T08:09:36.977455","level":"info","event":"Filling up the DagBag from /opt/airflow/dags/get_info_30_days_dag.py","logger":"airflow.models.dagbag.DagBag"}
{"timestamp":"2025-09-15T08:10:08.134722","level":"info","event":"Filling up the DagBag from /opt/airflow/dags/get_info_30_days_dag.py","logger":"airflow.models.dagbag.DagBag"}
{"timestamp":"2025-09-15T08:10:39.274659","level":"info","event":"Filling up the DagBag from /opt/airflow/dags/get_info_30_days_dag.py","logger":"airflow.models.dagbag.DagBag"}
{"timestamp":"2025-09-15T08:11:10.248100","level":"info","event":"Filling up the DagBag from /opt/airflow/dags/get_info_30_days_dag.py","logger":"airflow.models.dagbag.DagBag"}
{"timestamp":"2025-09-15T08:11:41.299355","level":"info","event":"Filling up the DagBag from /opt/airflow/dags/get_info_30_days_dag.py","logger":"airflow.models.dagbag.DagBag"}
{"timestamp":"2025-09-15T08:12:12.391487","level":"info","event":"Filling up the DagBag from /opt/airflow/dags/get_info_30_days_dag.py","logger":"airflow.models.dagbag.DagBag"}
{"timestamp":"2025-09-15T08:12:43.430235","level":"info","event":"Filling up the DagBag from /opt/airflow/dags/get_info_30_days_dag.py","logger":"airflow.models.dagbag.DagBag"}
{"timestamp":"2025-09-15T08:13:14.470061","level":"info","event":"Filling up the DagBag from /opt/airflow/dags/get_info_30_days_dag.py","logger":"airflow.models.dagbag.DagBag"}
{"timestamp":"2025-09-15T08:13:45.524555","level":"info","event":"Filling up the DagBag from /opt/airflow/dags/get_info_30_days_dag.py","logger":"airflow.models.dagbag.DagBag"}
{"timestamp":"2025-09-15T08:14:16.693418","level":"info","event":"Filling up the DagBag from /opt/airflow/dags/get_info_30_days_dag.py","logger":"airflow.models.dagbag.DagBag"}
{"timestamp":"2025-09-15T08:14:47.827139","level":"info","event":"Filling up the DagBag from /opt/airflow/dags/get_info_30_days_dag.py","logger":"airflow.models.dagbag.DagBag"}
{"timestamp":"2025-09-15T08:15:18.904072","level":"info","event":"Filling up the DagBag from /opt/airflow/dags/get_info_30_days_dag.py","logger":"airflow.models.dagbag.DagBag"}
{"timestamp":"2025-09-15T08:15:50.044257","level":"info","event":"Filling up the DagBag from /opt/airflow/dags/get_info_30_days_dag.py","logger":"airflow.models.dagbag.DagBag"}
{"timestamp":"2025-09-15T08:16:21.133232","level":"info","event":"Filling up the DagBag from /opt/airflow/dags/get_info_30_days_dag.py","logger":"airflow.models.dagbag.DagBag"}
{"timestamp":"2025-09-15T08:16:52.176874","level":"info","event":"Filling up the DagBag from /opt/airflow/dags/get_info_30_days_dag.py","logger":"airflow.models.dagbag.DagBag"}
{"timestamp":"2025-09-15T08:17:23.195931","level":"info","event":"Filling up the DagBag from /opt/airflow/dags/get_info_30_days_dag.py","logger":"airflow.models.dagbag.DagBag"}
{"timestamp":"2025-09-15T08:17:54.248112","level":"info","event":"Filling up the DagBag from /opt/airflow/dags/get_info_30_days_dag.py","logger":"airflow.models.dagbag.DagBag"}
{"timestamp":"2025-09-15T08:18:25.307208","level":"info","event":"Filling up the DagBag from /opt/airflow/dags/get_info_30_days_dag.py","logger":"airflow.models.dagbag.DagBag"}
{"timestamp":"2025-09-15T08:18:56.275766","level":"info","event":"Filling up the DagBag from /opt/airflow/dags/get_info_30_days_dag.py","logger":"airflow.models.dagbag.DagBag"}
{"timestamp":"2025-09-15T08:19:27.501350","level":"info","event":"Filling up the DagBag from /opt/airflow/dags/get_info_30_days_dag.py","logger":"airflow.models.dagbag.DagBag"}
{"timestamp":"2025-09-15T08:19:58.737315","level":"info","event":"Filling up the DagBag from /opt/airflow/dags/get_info_30_days_dag.py","logger":"airflow.models.dagbag.DagBag"}
{"timestamp":"2025-09-15T08:20:29.846520","level":"info","event":"Filling up the DagBag from /opt/airflow/dags/get_info_30_days_dag.py","logger":"airflow.models.dagbag.DagBag"}
{"timestamp":"2025-09-15T08:21:00.973724","level":"info","event":"Filling up the DagBag from /opt/airflow/dags/get_info_30_days_dag.py","logger":"airflow.models.dagbag.DagBag"}
{"timestamp":"2025-09-15T08:21:32.120924","level":"info","event":"Filling up the DagBag from /opt/airflow/dags/get_info_30_days_dag.py","logger":"airflow.models.dagbag.DagBag"}
{"timestamp":"2025-09-15T08:22:03.251169","level":"info","event":"Filling up the DagBag from /opt/airflow/dags/get_info_30_days_dag.py","logger":"airflow.models.dagbag.DagBag"}
{"timestamp":"2025-09-15T08:22:34.392180","level":"info","event":"Filling up the DagBag from /opt/airflow/dags/get_info_30_days_dag.py","logger":"airflow.models.dagbag.DagBag"}
{"timestamp":"2025-09-15T08:23:05.593152","level":"info","event":"Filling up the DagBag from /opt/airflow/dags/get_info_30_days_dag.py","logger":"airflow.models.dagbag.DagBag"}
