{"timestamp":"2025-09-15T07:52:03.665787","level":"info","event":"Filling up the DagBag from /opt/airflow/dags/get_l3_dag.py","logger":"airflow.models.dagbag.DagBag"}
{"timestamp":"2025-09-15T07:52:08.921019","level":"error","event":"Failed to import: /opt/airflow/dags/get_l3_dag.py","logger":"airflow.models.dagbag.DagBag","error_detail":[{"exc_type":"ModuleNotFoundError","exc_value":"No module named 'webdriver_manager'","exc_notes":[],"syntax_error":null,"is_cause":false,"frames":[{"filename":"/home/airflow/.local/lib/python3.12/site-packages/airflow/models/dagbag.py","lineno":394,"name":"parse"},{"filename":"<frozen importlib._bootstrap_external>","lineno":999,"name":"exec_module"},{"filename":"<frozen importlib._bootstrap>","lineno":488,"name":"_call_with_frames_removed"},{"filename":"/opt/airflow/dags/get_l3_dag.py","lineno":2,"name":"<module>"},{"filename":"/opt/airflow/dags/endpoints.py","lineno":6,"name":"<module>"}],"is_group":false,"exceptions":[]}]}
{"timestamp":"2025-09-15T07:52:39.033344","level":"info","event":"Filling up the DagBag from /opt/airflow/dags/get_l3_dag.py","logger":"airflow.models.dagbag.DagBag"}
{"timestamp":"2025-09-15T07:52:39.379944","level":"error","event":"Failed to import: /opt/airflow/dags/get_l3_dag.py","logger":"airflow.models.dagbag.DagBag","error_detail":[{"exc_type":"ModuleNotFoundError","exc_value":"No module named 'webdriver_manager'","exc_notes":[],"syntax_error":null,"is_cause":false,"frames":[{"filename":"/home/airflow/.local/lib/python3.12/site-packages/airflow/models/dagbag.py","lineno":394,"name":"parse"},{"filename":"<frozen importlib._bootstrap_external>","lineno":999,"name":"exec_module"},{"filename":"<frozen importlib._bootstrap>","lineno":488,"name":"_call_with_frames_removed"},{"filename":"/opt/airflow/dags/get_l3_dag.py","lineno":2,"name":"<module>"},{"filename":"/opt/airflow/dags/endpoints.py","lineno":6,"name":"<module>"}],"is_group":false,"exceptions":[]}]}
{"timestamp":"2025-09-15T07:53:10.058536","level":"info","event":"Filling up the DagBag from /opt/airflow/dags/get_l3_dag.py","logger":"airflow.models.dagbag.DagBag"}
{"timestamp":"2025-09-15T07:53:10.296997","level":"error","event":"Failed to import: /opt/airflow/dags/get_l3_dag.py","logger":"airflow.models.dagbag.DagBag","error_detail":[{"exc_type":"ModuleNotFoundError","exc_value":"No module named 'webdriver_manager'","exc_notes":[],"syntax_error":null,"is_cause":false,"frames":[{"filename":"/home/airflow/.local/lib/python3.12/site-packages/airflow/models/dagbag.py","lineno":394,"name":"parse"},{"filename":"<frozen importlib._bootstrap_external>","lineno":999,"name":"exec_module"},{"filename":"<frozen importlib._bootstrap>","lineno":488,"name":"_call_with_frames_removed"},{"filename":"/opt/airflow/dags/get_l3_dag.py","lineno":2,"name":"<module>"},{"filename":"/opt/airflow/dags/endpoints.py","lineno":6,"name":"<module>"}],"is_group":false,"exceptions":[]}]}
{"timestamp":"2025-09-15T07:53:41.011871","level":"info","event":"Filling up the DagBag from /opt/airflow/dags/get_l3_dag.py","logger":"airflow.models.dagbag.DagBag"}
{"timestamp":"2025-09-15T07:53:41.301094","level":"error","event":"Failed to import: /opt/airflow/dags/get_l3_dag.py","logger":"airflow.models.dagbag.DagBag","error_detail":[{"exc_type":"ModuleNotFoundError","exc_value":"No module named 'webdriver_manager'","exc_notes":[],"syntax_error":null,"is_cause":false,"frames":[{"filename":"/home/airflow/.local/lib/python3.12/site-packages/airflow/models/dagbag.py","lineno":394,"name":"parse"},{"filename":"<frozen importlib._bootstrap_external>","lineno":999,"name":"exec_module"},{"filename":"<frozen importlib._bootstrap>","lineno":488,"name":"_call_with_frames_removed"},{"filename":"/opt/airflow/dags/get_l3_dag.py","lineno":2,"name":"<module>"},{"filename":"/opt/airflow/dags/endpoints.py","lineno":6,"name":"<module>"}],"is_group":false,"exceptions":[]}]}
{"timestamp":"2025-09-15T07:55:12.500730","level":"info","event":"Filling up the DagBag from /opt/airflow/dags/get_l3_dag.py","logger":"airflow.models.dagbag.DagBag"}
{"timestamp":"2025-09-15T07:55:17.217036","level":"error","event":"Failed to import: /opt/airflow/dags/get_l3_dag.py","logger":"airflow.models.dagbag.DagBag","error_detail":[{"exc_type":"ModuleNotFoundError","exc_value":"No module named 'webdriver_manager'","exc_notes":[],"syntax_error":null,"is_cause":false,"frames":[{"filename":"/home/airflow/.local/lib/python3.12/site-packages/airflow/models/dagbag.py","lineno":394,"name":"parse"},{"filename":"<frozen importlib._bootstrap_external>","lineno":999,"name":"exec_module"},{"filename":"<frozen importlib._bootstrap>","lineno":488,"name":"_call_with_frames_removed"},{"filename":"/opt/airflow/dags/get_l3_dag.py","lineno":2,"name":"<module>"},{"filename":"/opt/airflow/dags/endpoints.py","lineno":6,"name":"<module>"}],"is_group":false,"exceptions":[]}]}
{"timestamp":"2025-09-15T07:55:47.603925","level":"info","event":"Filling up the DagBag from /opt/airflow/dags/get_l3_dag.py","logger":"airflow.models.dagbag.DagBag"}
{"timestamp":"2025-09-15T07:55:48.247344","level":"error","event":"Failed to import: /opt/airflow/dags/get_l3_dag.py","logger":"airflow.models.dagbag.DagBag","error_detail":[{"exc_type":"ModuleNotFoundError","exc_value":"No module named 'webdriver_manager'","exc_notes":[],"syntax_error":null,"is_cause":false,"frames":[{"filename":"/home/airflow/.local/lib/python3.12/site-packages/airflow/models/dagbag.py","lineno":394,"name":"parse"},{"filename":"<frozen importlib._bootstrap_external>","lineno":999,"name":"exec_module"},{"filename":"<frozen importlib._bootstrap>","lineno":488,"name":"_call_with_frames_removed"},{"filename":"/opt/airflow/dags/get_l3_dag.py","lineno":2,"name":"<module>"},{"filename":"/opt/airflow/dags/endpoints.py","lineno":6,"name":"<module>"}],"is_group":false,"exceptions":[]}]}
{"timestamp":"2025-09-15T07:56:18.984155","level":"info","event":"Filling up the DagBag from /opt/airflow/dags/get_l3_dag.py","logger":"airflow.models.dagbag.DagBag"}
{"timestamp":"2025-09-15T07:56:19.281729","level":"error","event":"Failed to import: /opt/airflow/dags/get_l3_dag.py","logger":"airflow.models.dagbag.DagBag","error_detail":[{"exc_type":"ModuleNotFoundError","exc_value":"No module named 'webdriver_manager'","exc_notes":[],"syntax_error":null,"is_cause":false,"frames":[{"filename":"/home/airflow/.local/lib/python3.12/site-packages/airflow/models/dagbag.py","lineno":394,"name":"parse"},{"filename":"<frozen importlib._bootstrap_external>","lineno":999,"name":"exec_module"},{"filename":"<frozen importlib._bootstrap>","lineno":488,"name":"_call_with_frames_removed"},{"filename":"/opt/airflow/dags/get_l3_dag.py","lineno":2,"name":"<module>"},{"filename":"/opt/airflow/dags/endpoints.py","lineno":6,"name":"<module>"}],"is_group":false,"exceptions":[]}]}
{"timestamp":"2025-09-15T07:59:09.462962","level":"info","event":"Filling up the DagBag from /opt/airflow/dags/get_l3_dag.py","logger":"airflow.models.dagbag.DagBag"}
{"timestamp":"2025-09-15T07:59:40.168653","level":"error","event":"Process timed out, PID: 43","logger":"airflow.utils.timeout.TimeoutPosix"}
{"timestamp":"2025-09-15T07:59:41.997093Z","level":"error","event":"Exception ignored in: <function _collection_gced at 0xffff92ead300>","chan":"stderr","logger":"processor"}
{"timestamp":"2025-09-15T07:59:41.997195Z","level":"error","event":"Traceback (most recent call last):","chan":"stderr","logger":"processor"}
{"timestamp":"2025-09-15T07:59:41.997281Z","level":"error","event":"  File \"/home/airflow/.local/lib/python3.12/site-packages/sqlalchemy/event/registry.py\", line 53, in _collection_gced","chan":"stderr","logger":"processor"}
{"timestamp":"2025-09-15T07:59:41.997426Z","level":"error","event":"    def _collection_gced(ref):","chan":"stderr","logger":"processor"}
{"timestamp":"2025-09-15T07:59:41.999363Z","level":"error","event":"","chan":"stderr","logger":"processor"}
{"timestamp":"2025-09-15T07:59:41.999564Z","level":"error","event":"  File \"/home/airflow/.local/lib/python3.12/site-packages/airflow/utils/timeout.py\", line 69, in handle_timeout","chan":"stderr","logger":"processor"}
{"timestamp":"2025-09-15T07:59:41.999778Z","level":"error","event":"    raise AirflowTaskTimeout(self.error_message)","chan":"stderr","logger":"processor"}
{"timestamp":"2025-09-15T07:59:41.999986Z","level":"error","event":"airflow.exceptions.AirflowTaskTimeout: DagBag import timeout for /opt/airflow/dags/get_l3_dag.py after 30.0s.","chan":"stderr","logger":"processor"}
{"timestamp":"2025-09-15T07:59:42.000102Z","level":"error","event":"Please take a look at these docs to improve your DAG import time:","chan":"stderr","logger":"processor"}
{"timestamp":"2025-09-15T07:59:42.000175Z","level":"error","event":"* https://airflow.apache.org/docs/apache-airflow/3.0.5/best-practices.html#top-level-python-code","chan":"stderr","logger":"processor"}
{"timestamp":"2025-09-15T07:59:42.000281Z","level":"error","event":"* https://airflow.apache.org/docs/apache-airflow/3.0.5/best-practices.html#reducing-dag-complexity, PID: 43","chan":"stderr","logger":"processor"}
{"timestamp":"2025-09-15T08:00:13.180514","level":"info","event":"Filling up the DagBag from /opt/airflow/dags/get_l3_dag.py","logger":"airflow.models.dagbag.DagBag"}
{"timestamp":"2025-09-15T08:00:46.668756","level":"info","event":"Filling up the DagBag from /opt/airflow/dags/get_l3_dag.py","logger":"airflow.models.dagbag.DagBag"}
{"timestamp":"2025-09-15T08:01:17.801954","level":"info","event":"Filling up the DagBag from /opt/airflow/dags/get_l3_dag.py","logger":"airflow.models.dagbag.DagBag"}
{"timestamp":"2025-09-15T08:01:49.479639","level":"info","event":"Filling up the DagBag from /opt/airflow/dags/get_l3_dag.py","logger":"airflow.models.dagbag.DagBag"}
{"timestamp":"2025-09-15T08:02:19.986739","level":"info","event":"Filling up the DagBag from /opt/airflow/dags/get_l3_dag.py","logger":"airflow.models.dagbag.DagBag"}
{"timestamp":"2025-09-15T08:02:51.674714","level":"info","event":"Filling up the DagBag from /opt/airflow/dags/get_l3_dag.py","logger":"airflow.models.dagbag.DagBag"}
{"timestamp":"2025-09-15T08:03:23.320903","level":"info","event":"Filling up the DagBag from /opt/airflow/dags/get_l3_dag.py","logger":"airflow.models.dagbag.DagBag"}
{"timestamp":"2025-09-15T08:03:54.814135","level":"info","event":"Filling up the DagBag from /opt/airflow/dags/get_l3_dag.py","logger":"airflow.models.dagbag.DagBag"}
{"timestamp":"2025-09-15T08:04:26.156359","level":"info","event":"Filling up the DagBag from /opt/airflow/dags/get_l3_dag.py","logger":"airflow.models.dagbag.DagBag"}
{"timestamp":"2025-09-15T08:04:57.346276","level":"info","event":"Filling up the DagBag from /opt/airflow/dags/get_l3_dag.py","logger":"airflow.models.dagbag.DagBag"}
{"timestamp":"2025-09-15T08:05:28.443233","level":"info","event":"Filling up the DagBag from /opt/airflow/dags/get_l3_dag.py","logger":"airflow.models.dagbag.DagBag"}
{"timestamp":"2025-09-15T08:05:59.511400","level":"info","event":"Filling up the DagBag from /opt/airflow/dags/get_l3_dag.py","logger":"airflow.models.dagbag.DagBag"}
{"timestamp":"2025-09-15T08:06:30.624937","level":"info","event":"Filling up the DagBag from /opt/airflow/dags/get_l3_dag.py","logger":"airflow.models.dagbag.DagBag"}
{"timestamp":"2025-09-15T08:07:01.695567","level":"info","event":"Filling up the DagBag from /opt/airflow/dags/get_l3_dag.py","logger":"airflow.models.dagbag.DagBag"}
{"timestamp":"2025-09-15T08:07:32.760691","level":"info","event":"Filling up the DagBag from /opt/airflow/dags/get_l3_dag.py","logger":"airflow.models.dagbag.DagBag"}
{"timestamp":"2025-09-15T08:08:03.796485","level":"info","event":"Filling up the DagBag from /opt/airflow/dags/get_l3_dag.py","logger":"airflow.models.dagbag.DagBag"}
{"timestamp":"2025-09-15T08:08:34.864260","level":"info","event":"Filling up the DagBag from /opt/airflow/dags/get_l3_dag.py","logger":"airflow.models.dagbag.DagBag"}
{"timestamp":"2025-09-15T08:09:05.942944","level":"info","event":"Filling up the DagBag from /opt/airflow/dags/get_l3_dag.py","logger":"airflow.models.dagbag.DagBag"}
{"timestamp":"2025-09-15T08:09:36.985290","level":"info","event":"Filling up the DagBag from /opt/airflow/dags/get_l3_dag.py","logger":"airflow.models.dagbag.DagBag"}
{"timestamp":"2025-09-15T08:10:08.183185","level":"info","event":"Filling up the DagBag from /opt/airflow/dags/get_l3_dag.py","logger":"airflow.models.dagbag.DagBag"}
{"timestamp":"2025-09-15T08:10:39.286684","level":"info","event":"Filling up the DagBag from /opt/airflow/dags/get_l3_dag.py","logger":"airflow.models.dagbag.DagBag"}
{"timestamp":"2025-09-15T08:11:10.259641","level":"info","event":"Filling up the DagBag from /opt/airflow/dags/get_l3_dag.py","logger":"airflow.models.dagbag.DagBag"}
{"timestamp":"2025-09-15T08:11:41.315067","level":"info","event":"Filling up the DagBag from /opt/airflow/dags/get_l3_dag.py","logger":"airflow.models.dagbag.DagBag"}
{"timestamp":"2025-09-15T08:12:12.406266","level":"info","event":"Filling up the DagBag from /opt/airflow/dags/get_l3_dag.py","logger":"airflow.models.dagbag.DagBag"}
{"timestamp":"2025-09-15T08:12:43.442559","level":"info","event":"Filling up the DagBag from /opt/airflow/dags/get_l3_dag.py","logger":"airflow.models.dagbag.DagBag"}
{"timestamp":"2025-09-15T08:13:14.482024","level":"info","event":"Filling up the DagBag from /opt/airflow/dags/get_l3_dag.py","logger":"airflow.models.dagbag.DagBag"}
{"timestamp":"2025-09-15T08:13:45.534352","level":"info","event":"Filling up the DagBag from /opt/airflow/dags/get_l3_dag.py","logger":"airflow.models.dagbag.DagBag"}
{"timestamp":"2025-09-15T08:14:16.713373","level":"info","event":"Filling up the DagBag from /opt/airflow/dags/get_l3_dag.py","logger":"airflow.models.dagbag.DagBag"}
{"timestamp":"2025-09-15T08:14:47.834035","level":"info","event":"Filling up the DagBag from /opt/airflow/dags/get_l3_dag.py","logger":"airflow.models.dagbag.DagBag"}
{"timestamp":"2025-09-15T08:15:18.921561","level":"info","event":"Filling up the DagBag from /opt/airflow/dags/get_l3_dag.py","logger":"airflow.models.dagbag.DagBag"}
{"timestamp":"2025-09-15T08:15:50.058618","level":"info","event":"Filling up the DagBag from /opt/airflow/dags/get_l3_dag.py","logger":"airflow.models.dagbag.DagBag"}
{"timestamp":"2025-09-15T08:16:21.144483","level":"info","event":"Filling up the DagBag from /opt/airflow/dags/get_l3_dag.py","logger":"airflow.models.dagbag.DagBag"}
{"timestamp":"2025-09-15T08:16:52.190660","level":"info","event":"Filling up the DagBag from /opt/airflow/dags/get_l3_dag.py","logger":"airflow.models.dagbag.DagBag"}
{"timestamp":"2025-09-15T08:17:23.207542","level":"info","event":"Filling up the DagBag from /opt/airflow/dags/get_l3_dag.py","logger":"airflow.models.dagbag.DagBag"}
{"timestamp":"2025-09-15T08:17:54.260779","level":"info","event":"Filling up the DagBag from /opt/airflow/dags/get_l3_dag.py","logger":"airflow.models.dagbag.DagBag"}
{"timestamp":"2025-09-15T08:18:25.317589","level":"info","event":"Filling up the DagBag from /opt/airflow/dags/get_l3_dag.py","logger":"airflow.models.dagbag.DagBag"}
{"timestamp":"2025-09-15T08:18:56.291027","level":"info","event":"Filling up the DagBag from /opt/airflow/dags/get_l3_dag.py","logger":"airflow.models.dagbag.DagBag"}
{"timestamp":"2025-09-15T08:19:27.489404","level":"info","event":"Filling up the DagBag from /opt/airflow/dags/get_l3_dag.py","logger":"airflow.models.dagbag.DagBag"}
{"timestamp":"2025-09-15T08:19:58.756585","level":"info","event":"Filling up the DagBag from /opt/airflow/dags/get_l3_dag.py","logger":"airflow.models.dagbag.DagBag"}
{"timestamp":"2025-09-15T08:20:29.862169","level":"info","event":"Filling up the DagBag from /opt/airflow/dags/get_l3_dag.py","logger":"airflow.models.dagbag.DagBag"}
{"timestamp":"2025-09-15T08:21:00.988422","level":"info","event":"Filling up the DagBag from /opt/airflow/dags/get_l3_dag.py","logger":"airflow.models.dagbag.DagBag"}
{"timestamp":"2025-09-15T08:21:32.128117","level":"info","event":"Filling up the DagBag from /opt/airflow/dags/get_l3_dag.py","logger":"airflow.models.dagbag.DagBag"}
{"timestamp":"2025-09-15T08:22:03.266958","level":"info","event":"Filling up the DagBag from /opt/airflow/dags/get_l3_dag.py","logger":"airflow.models.dagbag.DagBag"}
{"timestamp":"2025-09-15T08:22:34.392180","level":"info","event":"Filling up the DagBag from /opt/airflow/dags/get_l3_dag.py","logger":"airflow.models.dagbag.DagBag"}
{"timestamp":"2025-09-15T08:23:05.597928","level":"info","event":"Filling up the DagBag from /opt/airflow/dags/get_l3_dag.py","logger":"airflow.models.dagbag.DagBag"}
