{"timestamp":"2025-12-15T17:27:32.534185","level":"info","event":"DAG bundles loaded: dags-folder","logger":"airflow.dag_processing.bundles.manager.DagBundlesManager"}
{"timestamp":"2025-12-15T17:27:32.534569","level":"info","event":"Filling up the DagBag from /opt/airflow/dags/get_info_30_days_dag.py","logger":"airflow.models.dagbag.DagBag"}
{"timestamp":"2025-12-15T17:27:43.372568Z","level":"info","event":"cookie done","chan":"stdout","logger":"task"}
{"timestamp":"2025-12-15T17:28:21.850174Z","level":"info","event":"10/4439","chan":"stdout","logger":"task"}
{"timestamp":"2025-12-15T17:29:12.053225Z","level":"info","event":"20/4439","chan":"stdout","logger":"task"}
{"timestamp":"2025-12-15T17:29:56.906818Z","level":"info","event":"30/4439","chan":"stdout","logger":"task"}
{"timestamp":"2025-12-15T17:30:42.261919Z","level":"info","event":"40/4439","chan":"stdout","logger":"task"}
{"timestamp":"2025-12-15T17:31:28.764094Z","level":"info","event":"50/4439","chan":"stdout","logger":"task"}
{"timestamp":"2025-12-15T17:32:09.352376Z","level":"info","event":"60/4439","chan":"stdout","logger":"task"}
{"timestamp":"2025-12-15T17:32:49.538843Z","level":"info","event":"70/4439","chan":"stdout","logger":"task"}
{"timestamp":"2025-12-15T17:33:31.575816Z","level":"info","event":"80/4439","chan":"stdout","logger":"task"}
{"timestamp":"2025-12-15T17:34:12.921522Z","level":"info","event":"90/4439","chan":"stdout","logger":"task"}
{"timestamp":"2025-12-15T17:34:59.494196Z","level":"info","event":"100/4439","chan":"stdout","logger":"task"}
{"timestamp":"2025-12-15T17:35:41.154015Z","level":"info","event":"110/4439","chan":"stdout","logger":"task"}
{"timestamp":"2025-12-15T17:36:21.322383Z","level":"info","event":"120/4439","chan":"stdout","logger":"task"}
{"timestamp":"2025-12-15T17:37:02.014789Z","level":"info","event":"130/4439","chan":"stdout","logger":"task"}
{"timestamp":"2025-12-15T17:37:42.027050Z","level":"info","event":"140/4439","chan":"stdout","logger":"task"}
{"timestamp":"2025-12-15T17:38:19.007651Z","level":"info","event":"150/4439","chan":"stdout","logger":"task"}
{"timestamp":"2025-12-15T17:38:55.546490Z","level":"info","event":"160/4439","chan":"stdout","logger":"task"}
{"timestamp":"2025-12-15T17:39:32.885995Z","level":"info","event":"170/4439","chan":"stdout","logger":"task"}
{"timestamp":"2025-12-15T17:40:11.214904Z","level":"info","event":"180/4439","chan":"stdout","logger":"task"}
{"timestamp":"2025-12-15T17:40:50.500597Z","level":"info","event":"190/4439","chan":"stdout","logger":"task"}
{"timestamp":"2025-12-15T17:41:32.171807Z","level":"info","event":"200/4439","chan":"stdout","logger":"task"}
{"timestamp":"2025-12-15T17:42:18.109824Z","level":"info","event":"210/4439","chan":"stdout","logger":"task"}
{"timestamp":"2025-12-15T17:43:02.892212Z","level":"info","event":"220/4439","chan":"stdout","logger":"task"}
{"timestamp":"2025-12-15T17:43:42.507272Z","level":"info","event":"230/4439","chan":"stdout","logger":"task"}
{"timestamp":"2025-12-15T17:44:19.601860Z","level":"info","event":"240/4439","chan":"stdout","logger":"task"}
{"timestamp":"2025-12-15T17:44:54.800533Z","level":"info","event":"250/4439","chan":"stdout","logger":"task"}
{"timestamp":"2025-12-15T17:45:24.882243Z","level":"info","event":"260/4439","chan":"stdout","logger":"task"}
{"timestamp":"2025-12-15T17:45:55.186275Z","level":"info","event":"270/4439","chan":"stdout","logger":"task"}
{"timestamp":"2025-12-15T17:46:27.426128Z","level":"info","event":"280/4439","chan":"stdout","logger":"task"}
{"timestamp":"2025-12-15T17:47:16.285353Z","level":"info","event":"290/4439","chan":"stdout","logger":"task"}
{"timestamp":"2025-12-15T17:48:04.612644Z","level":"info","event":"300/4439","chan":"stdout","logger":"task"}
{"timestamp":"2025-12-15T17:48:50.128162Z","level":"info","event":"310/4439","chan":"stdout","logger":"task"}
{"timestamp":"2025-12-15T17:49:32.840159Z","level":"info","event":"320/4439","chan":"stdout","logger":"task"}
{"timestamp":"2025-12-15T17:50:22.575234Z","level":"info","event":"330/4439","chan":"stdout","logger":"task"}
{"timestamp":"2025-12-15T17:51:07.456975Z","level":"info","event":"340/4439","chan":"stdout","logger":"task"}
{"timestamp":"2025-12-15T17:51:55.481611Z","level":"info","event":"350/4439","chan":"stdout","logger":"task"}
{"timestamp":"2025-12-15T17:52:39.342847Z","level":"info","event":"360/4439","chan":"stdout","logger":"task"}
{"timestamp":"2025-12-15T17:53:22.510391Z","level":"info","event":"370/4439","chan":"stdout","logger":"task"}
{"timestamp":"2025-12-15T17:54:03.191462Z","level":"info","event":"380/4439","chan":"stdout","logger":"task"}
{"timestamp":"2025-12-15T17:54:46.518265Z","level":"info","event":"390/4439","chan":"stdout","logger":"task"}
{"timestamp":"2025-12-15T17:55:32.488655Z","level":"info","event":"400/4439","chan":"stdout","logger":"task"}
{"timestamp":"2025-12-15T17:56:22.010671Z","level":"info","event":"410/4439","chan":"stdout","logger":"task"}
{"timestamp":"2025-12-15T17:57:08.713480Z","level":"info","event":"420/4439","chan":"stdout","logger":"task"}
{"timestamp":"2025-12-15T17:57:55.823655Z","level":"info","event":"430/4439","chan":"stdout","logger":"task"}
{"timestamp":"2025-12-15T17:58:38.798960Z","level":"info","event":"440/4439","chan":"stdout","logger":"task"}
{"timestamp":"2025-12-15T17:59:21.171357Z","level":"info","event":"450/4439","chan":"stdout","logger":"task"}
{"timestamp":"2025-12-15T18:00:00.979003Z","level":"info","event":"460/4439","chan":"stdout","logger":"task"}
{"timestamp":"2025-12-15T18:00:41.370445Z","level":"info","event":"470/4439","chan":"stdout","logger":"task"}
{"timestamp":"2025-12-15T18:01:18.222144Z","level":"info","event":"480/4439","chan":"stdout","logger":"task"}
{"timestamp":"2025-12-15T18:02:04.854772Z","level":"info","event":"490/4439","chan":"stdout","logger":"task"}
{"timestamp":"2025-12-15T18:02:52.213637Z","level":"info","event":"500/4439","chan":"stdout","logger":"task"}
{"timestamp":"2025-12-15T18:03:36.371837Z","level":"info","event":"510/4439","chan":"stdout","logger":"task"}
{"timestamp":"2025-12-15T18:04:21.528937Z","level":"info","event":"520/4439","chan":"stdout","logger":"task"}
{"timestamp":"2025-12-15T18:05:08.371982Z","level":"info","event":"530/4439","chan":"stdout","logger":"task"}
{"timestamp":"2025-12-15T18:05:53.454128Z","level":"info","event":"540/4439","chan":"stdout","logger":"task"}
{"timestamp":"2025-12-15T18:06:38.340938Z","level":"info","event":"550/4439","chan":"stdout","logger":"task"}
{"timestamp":"2025-12-15T18:07:20.544517Z","level":"info","event":"560/4439","chan":"stdout","logger":"task"}
{"timestamp":"2025-12-15T18:08:06.049613Z","level":"info","event":"570/4439","chan":"stdout","logger":"task"}
{"timestamp":"2025-12-15T18:08:51.465854Z","level":"info","event":"580/4439","chan":"stdout","logger":"task"}
{"timestamp":"2025-12-15T18:09:32.844144Z","level":"info","event":"590/4439","chan":"stdout","logger":"task"}
{"timestamp":"2025-12-15T18:10:10.908741Z","level":"info","event":"600/4439","chan":"stdout","logger":"task"}
{"timestamp":"2025-12-15T18:10:49.758771Z","level":"info","event":"610/4439","chan":"stdout","logger":"task"}
{"timestamp":"2025-12-15T18:11:06.538745","level":"error","event":"Task failed with exception","logger":"task","error_detail":[{"exc_type":"NotImplementedError","exc_value":"","exc_notes":[],"syntax_error":null,"is_cause":false,"frames":[{"filename":"/home/airflow/.local/lib/python3.12/site-packages/airflow/sdk/execution_time/task_runner.py","lineno":918,"name":"run"},{"filename":"/home/airflow/.local/lib/python3.12/site-packages/airflow/sdk/execution_time/task_runner.py","lineno":1213,"name":"_execute_task"},{"filename":"/home/airflow/.local/lib/python3.12/site-packages/airflow/sdk/bases/operator.py","lineno":397,"name":"wrapper"},{"filename":"/home/airflow/.local/lib/python3.12/site-packages/airflow/sdk/bases/decorator.py","lineno":251,"name":"execute"},{"filename":"/home/airflow/.local/lib/python3.12/site-packages/airflow/sdk/bases/operator.py","lineno":397,"name":"wrapper"},{"filename":"/home/airflow/.local/lib/python3.12/site-packages/airflow/providers/standard/operators/python.py","lineno":217,"name":"execute"},{"filename":"/home/airflow/.local/lib/python3.12/site-packages/airflow/providers/standard/operators/python.py","lineno":240,"name":"execute_callable"},{"filename":"/home/airflow/.local/lib/python3.12/site-packages/airflow/sdk/execution_time/callback_runner.py","lineno":81,"name":"run"},{"filename":"/opt/airflow/dags/get_info_30_days_dag.py","lineno":108,"name":"process"},{"filename":"/opt/airflow/dags/get_info_30_days_dag.py","lineno":47,"name":"main"},{"filename":"/home/airflow/.local/lib/python3.12/site-packages/pandas/io/json/_normalize.py","lineno":445,"name":"json_normalize"}],"is_group":false,"exceptions":[]}]}
