{"timestamp":"2025-10-14T08:29:08.336826","level":"info","event":"DAG bundles loaded: dags-folder","logger":"airflow.dag_processing.bundles.manager.DagBundlesManager"}
{"timestamp":"2025-10-14T08:29:08.338085","level":"info","event":"Filling up the DagBag from /opt/airflow/dags/get_info_subjects_30_days_async_dag.py","logger":"airflow.models.dagbag.DagBag"}
{"timestamp":"2025-10-14T08:29:17.271125Z","level":"info","event":"cookie done","chan":"stdout","logger":"task"}
{"timestamp":"2025-10-14T08:29:19.011633Z","level":"info","event":"200","chan":"stdout","logger":"task"}
{"timestamp":"2025-10-14T08:29:19.522799Z","level":"info","event":"200","chan":"stdout","logger":"task"}
{"timestamp":"2025-10-14T08:29:19.545799Z","level":"info","event":"200","chan":"stdout","logger":"task"}
{"timestamp":"2025-10-14T08:29:19.585822Z","level":"info","event":"200","chan":"stdout","logger":"task"}
{"timestamp":"2025-10-14T08:29:20.137848Z","level":"info","event":"200","chan":"stdout","logger":"task"}
{"timestamp":"2025-10-14T08:29:20.525032Z","level":"info","event":"200","chan":"stdout","logger":"task"}
{"timestamp":"2025-10-14T08:29:21.264593Z","level":"info","event":"200","chan":"stdout","logger":"task"}
{"timestamp":"2025-10-14T08:29:21.291961Z","level":"info","event":"200","chan":"stdout","logger":"task"}
{"timestamp":"2025-10-14T08:29:21.482300Z","level":"info","event":"200","chan":"stdout","logger":"task"}
{"timestamp":"2025-10-14T08:29:21.805402Z","level":"info","event":"200","chan":"stdout","logger":"task"}
{"timestamp":"2025-10-14T08:29:22.005819Z","level":"info","event":"200","chan":"stdout","logger":"task"}
{"timestamp":"2025-10-14T08:29:23.123522Z","level":"info","event":"200","chan":"stdout","logger":"task"}
{"timestamp":"2025-10-14T08:29:23.344259Z","level":"info","event":"200","chan":"stdout","logger":"task"}
{"timestamp":"2025-10-14T08:29:23.614914Z","level":"info","event":"200","chan":"stdout","logger":"task"}
{"timestamp":"2025-10-14T08:29:23.759119Z","level":"info","event":"200","chan":"stdout","logger":"task"}
{"timestamp":"2025-10-14T08:29:24.342006Z","level":"info","event":"200","chan":"stdout","logger":"task"}
{"timestamp":"2025-10-14T08:29:24.516712Z","level":"info","event":"200","chan":"stdout","logger":"task"}
{"timestamp":"2025-10-14T08:29:25.106044Z","level":"info","event":"200","chan":"stdout","logger":"task"}
{"timestamp":"2025-10-14T08:29:25.463920Z","level":"info","event":"200","chan":"stdout","logger":"task"}
{"timestamp":"2025-10-14T08:29:25.729674Z","level":"info","event":"200","chan":"stdout","logger":"task"}
{"timestamp":"2025-10-14T08:29:26.124657Z","level":"info","event":"200","chan":"stdout","logger":"task"}
{"timestamp":"2025-10-14T08:29:26.135397Z","level":"info","event":"200","chan":"stdout","logger":"task"}
{"timestamp":"2025-10-14T08:29:27.203269Z","level":"info","event":"200","chan":"stdout","logger":"task"}
{"timestamp":"2025-10-14T08:29:27.239671Z","level":"info","event":"200","chan":"stdout","logger":"task"}
{"timestamp":"2025-10-14T08:29:27.419629Z","level":"info","event":"200","chan":"stdout","logger":"task"}
{"timestamp":"2025-10-14T08:29:27.755857Z","level":"info","event":"200","chan":"stdout","logger":"task"}
{"timestamp":"2025-10-14T08:29:28.162085Z","level":"info","event":"200","chan":"stdout","logger":"task"}
{"timestamp":"2025-10-14T08:29:28.628912Z","level":"info","event":"200","chan":"stdout","logger":"task"}
{"timestamp":"2025-10-14T08:29:28.629418Z","level":"info","event":"200","chan":"stdout","logger":"task"}
{"timestamp":"2025-10-14T08:29:29.050050Z","level":"info","event":"200","chan":"stdout","logger":"task"}
{"timestamp":"2025-10-14T08:29:29.205396Z","level":"info","event":"200","chan":"stdout","logger":"task"}
{"timestamp":"2025-10-14T08:29:29.558504Z","level":"info","event":"200","chan":"stdout","logger":"task"}
{"timestamp":"2025-10-14T08:29:29.945063Z","level":"info","event":"200","chan":"stdout","logger":"task"}
{"timestamp":"2025-10-14T08:29:30.027531Z","level":"info","event":"200","chan":"stdout","logger":"task"}
{"timestamp":"2025-10-14T08:29:31.607005Z","level":"info","event":"200","chan":"stdout","logger":"task"}
{"timestamp":"2025-10-14T08:29:31.754863Z","level":"info","event":"200","chan":"stdout","logger":"task"}
{"timestamp":"2025-10-14T08:29:32.151746Z","level":"info","event":"200","chan":"stdout","logger":"task"}
{"timestamp":"2025-10-14T08:29:32.160194Z","level":"info","event":"200","chan":"stdout","logger":"task"}
{"timestamp":"2025-10-14T08:29:32.165474Z","level":"info","event":"200","chan":"stdout","logger":"task"}
{"timestamp":"2025-10-14T08:29:33.160473Z","level":"info","event":"200","chan":"stdout","logger":"task"}
{"timestamp":"2025-10-14T08:29:33.467506Z","level":"info","event":"200","chan":"stdout","logger":"task"}
{"timestamp":"2025-10-14T08:29:34.042213Z","level":"info","event":"200","chan":"stdout","logger":"task"}
{"timestamp":"2025-10-14T08:29:34.147263Z","level":"info","event":"200","chan":"stdout","logger":"task"}
{"timestamp":"2025-10-14T08:29:34.204878Z","level":"info","event":"200","chan":"stdout","logger":"task"}
{"timestamp":"2025-10-14T08:29:34.801877Z","level":"info","event":"200","chan":"stdout","logger":"task"}
{"timestamp":"2025-10-14T08:29:35.104152Z","level":"info","event":"200","chan":"stdout","logger":"task"}
{"timestamp":"2025-10-14T08:29:35.135969Z","level":"info","event":"200","chan":"stdout","logger":"task"}
{"timestamp":"2025-10-14T08:29:35.506864Z","level":"info","event":"200","chan":"stdout","logger":"task"}
{"timestamp":"2025-10-14T08:29:35.816487Z","level":"info","event":"200","chan":"stdout","logger":"task"}
{"timestamp":"2025-10-14T08:29:36.217248Z","level":"info","event":"200","chan":"stdout","logger":"task"}
{"timestamp":"2025-10-14T08:29:36.427047Z","level":"info","event":"200","chan":"stdout","logger":"task"}
{"timestamp":"2025-10-14T08:29:36.631445Z","level":"info","event":"200","chan":"stdout","logger":"task"}
{"timestamp":"2025-10-14T08:29:36.783042Z","level":"info","event":"200","chan":"stdout","logger":"task"}
{"timestamp":"2025-10-14T08:29:37.329121Z","level":"info","event":"200","chan":"stdout","logger":"task"}
{"timestamp":"2025-10-14T08:29:37.955023Z","level":"info","event":"200","chan":"stdout","logger":"task"}
{"timestamp":"2025-10-14T08:29:37.988874Z","level":"info","event":"200","chan":"stdout","logger":"task"}
{"timestamp":"2025-10-14T08:29:38.707541Z","level":"info","event":"200","chan":"stdout","logger":"task"}
{"timestamp":"2025-10-14T08:29:38.720990Z","level":"info","event":"200","chan":"stdout","logger":"task"}
{"timestamp":"2025-10-14T08:29:39.436979Z","level":"info","event":"200","chan":"stdout","logger":"task"}
{"timestamp":"2025-10-14T08:29:39.479398Z","level":"info","event":"200","chan":"stdout","logger":"task"}
{"timestamp":"2025-10-14T08:29:39.835878Z","level":"info","event":"200","chan":"stdout","logger":"task"}
{"timestamp":"2025-10-14T08:29:40.393243Z","level":"info","event":"200","chan":"stdout","logger":"task"}
{"timestamp":"2025-10-14T08:29:40.472079Z","level":"info","event":"200","chan":"stdout","logger":"task"}
{"timestamp":"2025-10-14T08:29:41.189420Z","level":"info","event":"200","chan":"stdout","logger":"task"}
{"timestamp":"2025-10-14T08:29:41.324474Z","level":"info","event":"200","chan":"stdout","logger":"task"}
{"timestamp":"2025-10-14T08:29:41.847069Z","level":"info","event":"200","chan":"stdout","logger":"task"}
{"timestamp":"2025-10-14T08:29:42.361405Z","level":"info","event":"200","chan":"stdout","logger":"task"}
{"timestamp":"2025-10-14T08:29:42.363416Z","level":"info","event":"200","chan":"stdout","logger":"task"}
{"timestamp":"2025-10-14T08:29:42.870761Z","level":"info","event":"200","chan":"stdout","logger":"task"}
{"timestamp":"2025-10-14T08:29:43.128243Z","level":"info","event":"200","chan":"stdout","logger":"task"}
{"timestamp":"2025-10-14T08:29:43.296643Z","level":"info","event":"200","chan":"stdout","logger":"task"}
{"timestamp":"2025-10-14T08:29:43.996612Z","level":"info","event":"200","chan":"stdout","logger":"task"}
{"timestamp":"2025-10-14T08:29:44.668285Z","level":"info","event":"200","chan":"stdout","logger":"task"}
{"timestamp":"2025-10-14T08:29:44.786324Z","level":"info","event":"200","chan":"stdout","logger":"task"}
{"timestamp":"2025-10-14T08:29:44.952739Z","level":"info","event":"200","chan":"stdout","logger":"task"}
{"timestamp":"2025-10-14T08:29:45.054181Z","level":"info","event":"200","chan":"stdout","logger":"task"}
{"timestamp":"2025-10-14T08:29:45.914069Z","level":"info","event":"200","chan":"stdout","logger":"task"}
{"timestamp":"2025-10-14T08:29:46.526718Z","level":"info","event":"200","chan":"stdout","logger":"task"}
{"timestamp":"2025-10-14T08:29:47.069396Z","level":"info","event":"200","chan":"stdout","logger":"task"}
{"timestamp":"2025-10-14T08:29:47.071543Z","level":"info","event":"200","chan":"stdout","logger":"task"}
{"timestamp":"2025-10-14T08:29:47.072650Z","level":"info","event":"200","chan":"stdout","logger":"task"}
{"timestamp":"2025-10-14T08:29:47.684254Z","level":"info","event":"200","chan":"stdout","logger":"task"}
{"timestamp":"2025-10-14T08:29:48.287909Z","level":"info","event":"200","chan":"stdout","logger":"task"}
{"timestamp":"2025-10-14T08:29:49.218744Z","level":"info","event":"200","chan":"stdout","logger":"task"}
{"timestamp":"2025-10-14T08:29:49.219244Z","level":"info","event":"200","chan":"stdout","logger":"task"}
{"timestamp":"2025-10-14T08:29:49.294676Z","level":"info","event":"200","chan":"stdout","logger":"task"}
{"timestamp":"2025-10-14T08:29:49.629452Z","level":"info","event":"200","chan":"stdout","logger":"task"}
{"timestamp":"2025-10-14T08:29:50.266040Z","level":"info","event":"200","chan":"stdout","logger":"task"}
{"timestamp":"2025-10-14T08:29:51.119088Z","level":"info","event":"200","chan":"stdout","logger":"task"}
{"timestamp":"2025-10-14T08:29:51.132043Z","level":"info","event":"200","chan":"stdout","logger":"task"}
{"timestamp":"2025-10-14T08:29:51.145125Z","level":"info","event":"200","chan":"stdout","logger":"task"}
{"timestamp":"2025-10-14T08:29:51.416971Z","level":"info","event":"200","chan":"stdout","logger":"task"}
{"timestamp":"2025-10-14T08:29:51.628239Z","level":"info","event":"200","chan":"stdout","logger":"task"}
{"timestamp":"2025-10-14T08:29:52.597505Z","level":"info","event":"200","chan":"stdout","logger":"task"}
{"timestamp":"2025-10-14T08:29:52.682943Z","level":"info","event":"200","chan":"stdout","logger":"task"}
{"timestamp":"2025-10-14T08:29:52.792195Z","level":"info","event":"200","chan":"stdout","logger":"task"}
{"timestamp":"2025-10-14T08:29:53.213518Z","level":"info","event":"200","chan":"stdout","logger":"task"}
{"timestamp":"2025-10-14T08:29:53.422564Z","level":"info","event":"200","chan":"stdout","logger":"task"}
{"timestamp":"2025-10-14T08:29:54.364963Z","level":"info","event":"200","chan":"stdout","logger":"task"}
{"timestamp":"2025-10-14T08:29:54.377360Z","level":"info","event":"200","chan":"stdout","logger":"task"}
{"timestamp":"2025-10-14T08:29:54.386083Z","level":"info","event":"200","chan":"stdout","logger":"task"}
{"timestamp":"2025-10-14T08:29:54.663053Z","level":"info","event":"200","chan":"stdout","logger":"task"}
{"timestamp":"2025-10-14T08:29:54.700870Z","level":"info","event":"200","chan":"stdout","logger":"task"}
{"timestamp":"2025-10-14T08:29:55.478264Z","level":"info","event":"200","chan":"stdout","logger":"task"}
{"timestamp":"2025-10-14T08:29:55.629536Z","level":"info","event":"200","chan":"stdout","logger":"task"}
{"timestamp":"2025-10-14T08:29:55.849702Z","level":"info","event":"200","chan":"stdout","logger":"task"}
{"timestamp":"2025-10-14T08:29:56.045548Z","level":"info","event":"200","chan":"stdout","logger":"task"}
{"timestamp":"2025-10-14T08:29:56.252128Z","level":"info","event":"200","chan":"stdout","logger":"task"}
{"timestamp":"2025-10-14T08:29:56.610030Z","level":"info","event":"200","chan":"stdout","logger":"task"}
{"timestamp":"2025-10-14T08:29:57.224481Z","level":"info","event":"200","chan":"stdout","logger":"task"}
{"timestamp":"2025-10-14T08:29:57.314702Z","level":"info","event":"200","chan":"stdout","logger":"task"}
{"timestamp":"2025-10-14T08:29:57.772632Z","level":"info","event":"200","chan":"stdout","logger":"task"}
{"timestamp":"2025-10-14T08:29:57.790557Z","level":"info","event":"200","chan":"stdout","logger":"task"}
{"timestamp":"2025-10-14T08:29:57.984196Z","level":"info","event":"200","chan":"stdout","logger":"task"}
{"timestamp":"2025-10-14T08:29:58.350504Z","level":"info","event":"200","chan":"stdout","logger":"task"}
{"timestamp":"2025-10-14T08:29:58.741551Z","level":"info","event":"200","chan":"stdout","logger":"task"}
{"timestamp":"2025-10-14T08:29:59.286726Z","level":"info","event":"200","chan":"stdout","logger":"task"}
{"timestamp":"2025-10-14T08:29:59.623364Z","level":"info","event":"200","chan":"stdout","logger":"task"}
{"timestamp":"2025-10-14T08:29:59.812026Z","level":"info","event":"200","chan":"stdout","logger":"task"}
{"timestamp":"2025-10-14T08:30:00.278720Z","level":"info","event":"200","chan":"stdout","logger":"task"}
{"timestamp":"2025-10-14T08:30:00.298242Z","level":"info","event":"200","chan":"stdout","logger":"task"}
{"timestamp":"2025-10-14T08:30:00.959362Z","level":"info","event":"200","chan":"stdout","logger":"task"}
{"timestamp":"2025-10-14T08:30:01.384502Z","level":"info","event":"200","chan":"stdout","logger":"task"}
{"timestamp":"2025-10-14T08:30:01.543111Z","level":"info","event":"200","chan":"stdout","logger":"task"}
{"timestamp":"2025-10-14T08:30:01.924633Z","level":"info","event":"200","chan":"stdout","logger":"task"}
{"timestamp":"2025-10-14T08:30:01.998973Z","level":"info","event":"200","chan":"stdout","logger":"task"}
{"timestamp":"2025-10-14T08:30:02.275791Z","level":"info","event":"200","chan":"stdout","logger":"task"}
{"timestamp":"2025-10-14T08:30:02.607551Z","level":"info","event":"200","chan":"stdout","logger":"task"}
{"timestamp":"2025-10-14T08:30:03.045875Z","level":"info","event":"200","chan":"stdout","logger":"task"}
{"timestamp":"2025-10-14T08:30:03.263282Z","level":"info","event":"200","chan":"stdout","logger":"task"}
{"timestamp":"2025-10-14T08:30:03.316791Z","level":"info","event":"200","chan":"stdout","logger":"task"}
{"timestamp":"2025-10-14T08:30:03.609056Z","level":"info","event":"200","chan":"stdout","logger":"task"}
{"timestamp":"2025-10-14T08:30:03.989919Z","level":"info","event":"200","chan":"stdout","logger":"task"}
{"timestamp":"2025-10-14T08:30:04.580863Z","level":"info","event":"200","chan":"stdout","logger":"task"}
{"timestamp":"2025-10-14T08:30:04.586995Z","level":"info","event":"200","chan":"stdout","logger":"task"}
{"timestamp":"2025-10-14T08:30:04.989430Z","level":"info","event":"200","chan":"stdout","logger":"task"}
{"timestamp":"2025-10-14T08:30:04.991756Z","level":"info","event":"200","chan":"stdout","logger":"task"}
{"timestamp":"2025-10-14T08:30:05.254112Z","level":"info","event":"200","chan":"stdout","logger":"task"}
{"timestamp":"2025-10-14T08:30:05.807216Z","level":"info","event":"200","chan":"stdout","logger":"task"}
{"timestamp":"2025-10-14T08:30:05.996726Z","level":"info","event":"200","chan":"stdout","logger":"task"}
{"timestamp":"2025-10-14T08:30:06.211916Z","level":"info","event":"200","chan":"stdout","logger":"task"}
{"timestamp":"2025-10-14T08:30:06.303222Z","level":"info","event":"200","chan":"stdout","logger":"task"}
{"timestamp":"2025-10-14T08:30:06.870731Z","level":"info","event":"200","chan":"stdout","logger":"task"}
{"timestamp":"2025-10-14T08:30:06.941624Z","level":"info","event":"200","chan":"stdout","logger":"task"}
{"timestamp":"2025-10-14T08:30:07.530703Z","level":"info","event":"200","chan":"stdout","logger":"task"}
{"timestamp":"2025-10-14T08:30:07.652224Z","level":"info","event":"200","chan":"stdout","logger":"task"}
{"timestamp":"2025-10-14T08:30:07.757630Z","level":"info","event":"200","chan":"stdout","logger":"task"}
{"timestamp":"2025-10-14T08:30:08.272207Z","level":"info","event":"200","chan":"stdout","logger":"task"}
{"timestamp":"2025-10-14T08:30:08.465779Z","level":"info","event":"200","chan":"stdout","logger":"task"}
{"timestamp":"2025-10-14T08:30:08.777048Z","level":"info","event":"200","chan":"stdout","logger":"task"}
{"timestamp":"2025-10-14T08:30:09.045053Z","level":"info","event":"200","chan":"stdout","logger":"task"}
{"timestamp":"2025-10-14T08:30:09.106292Z","level":"info","event":"200","chan":"stdout","logger":"task"}
{"timestamp":"2025-10-14T08:30:09.751286Z","level":"info","event":"200","chan":"stdout","logger":"task"}
{"timestamp":"2025-10-14T08:30:09.927272Z","level":"info","event":"200","chan":"stdout","logger":"task"}
{"timestamp":"2025-10-14T08:30:10.511860Z","level":"info","event":"200","chan":"stdout","logger":"task"}
{"timestamp":"2025-10-14T08:30:10.665559Z","level":"info","event":"200","chan":"stdout","logger":"task"}
{"timestamp":"2025-10-14T08:30:10.675511Z","level":"info","event":"200","chan":"stdout","logger":"task"}
{"timestamp":"2025-10-14T08:30:11.056558Z","level":"info","event":"200","chan":"stdout","logger":"task"}
{"timestamp":"2025-10-14T08:30:11.305021Z","level":"info","event":"200","chan":"stdout","logger":"task"}
{"timestamp":"2025-10-14T08:30:11.648955Z","level":"info","event":"200","chan":"stdout","logger":"task"}
{"timestamp":"2025-10-14T08:30:12.026342Z","level":"info","event":"200","chan":"stdout","logger":"task"}
{"timestamp":"2025-10-14T08:30:12.088824Z","level":"info","event":"200","chan":"stdout","logger":"task"}
{"timestamp":"2025-10-14T08:30:12.317206Z","level":"info","event":"200","chan":"stdout","logger":"task"}
{"timestamp":"2025-10-14T08:30:12.420066Z","level":"info","event":"200","chan":"stdout","logger":"task"}
{"timestamp":"2025-10-14T08:30:12.801672Z","level":"info","event":"200","chan":"stdout","logger":"task"}
{"timestamp":"2025-10-14T08:30:13.202991Z","level":"info","event":"200","chan":"stdout","logger":"task"}
{"timestamp":"2025-10-14T08:30:13.590205Z","level":"info","event":"200","chan":"stdout","logger":"task"}
{"timestamp":"2025-10-14T08:30:13.590933Z","level":"info","event":"200","chan":"stdout","logger":"task"}
{"timestamp":"2025-10-14T08:30:13.787753Z","level":"info","event":"200","chan":"stdout","logger":"task"}
{"timestamp":"2025-10-14T08:30:14.028340Z","level":"info","event":"200","chan":"stdout","logger":"task"}
{"timestamp":"2025-10-14T08:30:15.126448Z","level":"info","event":"200","chan":"stdout","logger":"task"}
{"timestamp":"2025-10-14T08:30:15.133734Z","level":"info","event":"200","chan":"stdout","logger":"task"}
{"timestamp":"2025-10-14T08:30:15.137778Z","level":"info","event":"200","chan":"stdout","logger":"task"}
{"timestamp":"2025-10-14T08:30:15.182338Z","level":"info","event":"200","chan":"stdout","logger":"task"}
{"timestamp":"2025-10-14T08:30:15.550686Z","level":"info","event":"200","chan":"stdout","logger":"task"}
{"timestamp":"2025-10-14T08:30:16.253150Z","level":"info","event":"200","chan":"stdout","logger":"task"}
{"timestamp":"2025-10-14T08:30:16.492785Z","level":"info","event":"200","chan":"stdout","logger":"task"}
{"timestamp":"2025-10-14T08:30:16.495058Z","level":"info","event":"200","chan":"stdout","logger":"task"}
{"timestamp":"2025-10-14T08:30:16.632869Z","level":"info","event":"200","chan":"stdout","logger":"task"}
{"timestamp":"2025-10-14T08:30:16.778900Z","level":"info","event":"200","chan":"stdout","logger":"task"}
{"timestamp":"2025-10-14T08:30:17.775061Z","level":"info","event":"200","chan":"stdout","logger":"task"}
{"timestamp":"2025-10-14T08:30:17.822153Z","level":"info","event":"200","chan":"stdout","logger":"task"}
{"timestamp":"2025-10-14T08:30:18.024757Z","level":"info","event":"200","chan":"stdout","logger":"task"}
{"timestamp":"2025-10-14T08:30:18.285912Z","level":"info","event":"200","chan":"stdout","logger":"task"}
{"timestamp":"2025-10-14T08:30:18.286882Z","level":"info","event":"200","chan":"stdout","logger":"task"}
{"timestamp":"2025-10-14T08:30:19.025317Z","level":"info","event":"200","chan":"stdout","logger":"task"}
{"timestamp":"2025-10-14T08:30:19.290251Z","level":"info","event":"200","chan":"stdout","logger":"task"}
{"timestamp":"2025-10-14T08:30:19.312024Z","level":"info","event":"200","chan":"stdout","logger":"task"}
{"timestamp":"2025-10-14T08:30:19.718575Z","level":"info","event":"200","chan":"stdout","logger":"task"}
{"timestamp":"2025-10-14T08:30:19.769587Z","level":"info","event":"200","chan":"stdout","logger":"task"}
{"timestamp":"2025-10-14T08:30:20.557836Z","level":"info","event":"200","chan":"stdout","logger":"task"}
{"timestamp":"2025-10-14T08:30:20.845865Z","level":"info","event":"200","chan":"stdout","logger":"task"}
{"timestamp":"2025-10-14T08:30:20.908067Z","level":"info","event":"200","chan":"stdout","logger":"task"}
{"timestamp":"2025-10-14T08:30:21.004303Z","level":"info","event":"200","chan":"stdout","logger":"task"}
{"timestamp":"2025-10-14T08:30:21.417764Z","level":"info","event":"200","chan":"stdout","logger":"task"}
{"timestamp":"2025-10-14T08:30:21.904187Z","level":"info","event":"200","chan":"stdout","logger":"task"}
{"timestamp":"2025-10-14T08:30:22.398831Z","level":"info","event":"200","chan":"stdout","logger":"task"}
{"timestamp":"2025-10-14T08:30:22.454054Z","level":"info","event":"200","chan":"stdout","logger":"task"}
{"timestamp":"2025-10-14T08:30:22.473037Z","level":"info","event":"200","chan":"stdout","logger":"task"}
{"timestamp":"2025-10-14T08:30:22.806410Z","level":"info","event":"200","chan":"stdout","logger":"task"}
{"timestamp":"2025-10-14T08:30:22.824184Z","level":"info","event":"FINISH","chan":"stdout","logger":"task"}
{"timestamp":"2025-10-14T08:30:22.870498Z","level":"info","event":"File successfully uploaded to MinIO: airflow-bucket/data/2025-10-14/info_subject_30_days.csv","chan":"stdout","logger":"task"}
{"timestamp":"2025-10-14T08:30:22.882966","level":"info","event":"Done. Returned value was: None","logger":"airflow.task.operators.airflow.providers.standard.decorators.python._PythonDecoratedOperator"}
