{"timestamp":"2025-09-10T08:48:53.498893","level":"info","event":"DAG bundles loaded: dags-folder","logger":"airflow.dag_processing.bundles.manager.DagBundlesManager"}
{"timestamp":"2025-09-10T08:48:53.499582","level":"info","event":"Filling up the DagBag from /opt/airflow/dags/get_l3_dag.py","logger":"airflow.models.dagbag.DagBag"}
{"timestamp":"2025-09-10T08:49:22.747495Z","level":"info","event":"10/548","chan":"stdout","logger":"task"}
{"timestamp":"2025-09-10T08:49:43.525857Z","level":"info","event":"20/548","chan":"stdout","logger":"task"}
{"timestamp":"2025-09-10T08:50:04.623117Z","level":"info","event":"30/548","chan":"stdout","logger":"task"}
{"timestamp":"2025-09-10T08:50:23.157257Z","level":"info","event":"40/548","chan":"stdout","logger":"task"}
{"timestamp":"2025-09-10T08:50:43.692097Z","level":"info","event":"50/548","chan":"stdout","logger":"task"}
{"timestamp":"2025-09-10T08:51:02.457993Z","level":"info","event":"60/548","chan":"stdout","logger":"task"}
{"timestamp":"2025-09-10T08:51:23.113644Z","level":"info","event":"70/548","chan":"stdout","logger":"task"}
{"timestamp":"2025-09-10T08:51:40.939341Z","level":"info","event":"80/548","chan":"stdout","logger":"task"}
{"timestamp":"2025-09-10T08:51:59.248113Z","level":"info","event":"90/548","chan":"stdout","logger":"task"}
{"timestamp":"2025-09-10T08:52:23.828623Z","level":"info","event":"100/548","chan":"stdout","logger":"task"}
{"timestamp":"2025-09-10T08:52:52.432204Z","level":"info","event":"110/548","chan":"stdout","logger":"task"}
{"timestamp":"2025-09-10T08:53:15.214308Z","level":"info","event":"120/548","chan":"stdout","logger":"task"}
{"timestamp":"2025-09-10T08:53:36.697417Z","level":"info","event":"130/548","chan":"stdout","logger":"task"}
{"timestamp":"2025-09-10T08:53:58.157182Z","level":"info","event":"140/548","chan":"stdout","logger":"task"}
{"timestamp":"2025-09-10T08:54:22.565580Z","level":"info","event":"150/548","chan":"stdout","logger":"task"}
{"timestamp":"2025-09-10T08:54:45.712357Z","level":"info","event":"160/548","chan":"stdout","logger":"task"}
{"timestamp":"2025-09-10T08:55:05.215501Z","level":"info","event":"170/548","chan":"stdout","logger":"task"}
{"timestamp":"2025-09-10T08:55:24.004768Z","level":"info","event":"180/548","chan":"stdout","logger":"task"}
{"timestamp":"2025-09-10T08:55:42.954273Z","level":"info","event":"190/548","chan":"stdout","logger":"task"}
{"timestamp":"2025-09-10T08:56:01.933168Z","level":"info","event":"200/548","chan":"stdout","logger":"task"}
{"timestamp":"2025-09-10T08:56:22.028221Z","level":"info","event":"210/548","chan":"stdout","logger":"task"}
{"timestamp":"2025-09-10T08:56:44.494045Z","level":"info","event":"220/548","chan":"stdout","logger":"task"}
{"timestamp":"2025-09-10T08:57:07.124731Z","level":"info","event":"230/548","chan":"stdout","logger":"task"}
{"timestamp":"2025-09-10T08:57:29.015738Z","level":"info","event":"240/548","chan":"stdout","logger":"task"}
{"timestamp":"2025-09-10T08:57:51.635228Z","level":"info","event":"250/548","chan":"stdout","logger":"task"}
{"timestamp":"2025-09-10T08:58:15.014159Z","level":"info","event":"260/548","chan":"stdout","logger":"task"}
{"timestamp":"2025-09-10T08:58:36.314684Z","level":"info","event":"270/548","chan":"stdout","logger":"task"}
{"timestamp":"2025-09-10T08:58:58.843531Z","level":"info","event":"280/548","chan":"stdout","logger":"task"}
{"timestamp":"2025-09-10T08:59:17.789773Z","level":"info","event":"290/548","chan":"stdout","logger":"task"}
{"timestamp":"2025-09-10T08:59:36.221060Z","level":"info","event":"300/548","chan":"stdout","logger":"task"}
{"timestamp":"2025-09-10T08:59:53.479978Z","level":"info","event":"{\"message\":\"Not Found\",\"url\":\"\\/analytics\\/wbCategoryTree\\/getTreeItems\\/2025-09-09\\/.json?dns-cache=2025-09-10_23-1\",\"code\":404}","chan":"stdout","logger":"task"}
{"timestamp":"2025-09-10T08:59:53.482125","level":"error","event":"Task failed with exception","logger":"task","error_detail":[{"exc_type":"UnboundLocalError","exc_value":"cannot access local variable 'data' where it is not associated with a value","exc_notes":[],"syntax_error":null,"is_cause":false,"frames":[{"filename":"/home/airflow/.local/lib/python3.12/site-packages/airflow/sdk/execution_time/task_runner.py","lineno":918,"name":"run"},{"filename":"/home/airflow/.local/lib/python3.12/site-packages/airflow/sdk/execution_time/task_runner.py","lineno":1213,"name":"_execute_task"},{"filename":"/home/airflow/.local/lib/python3.12/site-packages/airflow/sdk/bases/operator.py","lineno":397,"name":"wrapper"},{"filename":"/home/airflow/.local/lib/python3.12/site-packages/airflow/sdk/bases/decorator.py","lineno":251,"name":"execute"},{"filename":"/home/airflow/.local/lib/python3.12/site-packages/airflow/sdk/bases/operator.py","lineno":397,"name":"wrapper"},{"filename":"/home/airflow/.local/lib/python3.12/site-packages/airflow/providers/standard/operators/python.py","lineno":217,"name":"execute"},{"filename":"/home/airflow/.local/lib/python3.12/site-packages/airflow/providers/standard/operators/python.py","lineno":240,"name":"execute_callable"},{"filename":"/home/airflow/.local/lib/python3.12/site-packages/airflow/sdk/execution_time/callback_runner.py","lineno":81,"name":"run"},{"filename":"/opt/airflow/dags/get_l3_dag.py","lineno":99,"name":"process"},{"filename":"/opt/airflow/dags/get_l3_dag.py","lineno":46,"name":"main"},{"filename":"/opt/airflow/dags/endpoints.py","lineno":77,"name":"get_l3"}],"is_group":false,"exceptions":[]}]}
