{"timestamp":"2025-09-22T13:57:49.344425","level":"info","event":"DAG bundles loaded: dags-folder","logger":"airflow.dag_processing.bundles.manager.DagBundlesManager"}
{"timestamp":"2025-09-22T13:57:49.345306","level":"info","event":"Filling up the DagBag from /opt/airflow/dags/get_info_30_days_dag.py","logger":"airflow.models.dagbag.DagBag"}
{"timestamp":"2025-09-22T13:57:57.938657Z","level":"info","event":"cookie done","chan":"stdout","logger":"task"}
{"timestamp":"2025-09-22T13:57:57.939188Z","level":"info","event":"post","chan":"stdout","logger":"task"}
{"timestamp":"2025-09-22T13:57:59.546130Z","level":"info","event":"get","chan":"stdout","logger":"task"}
{"timestamp":"2025-09-22T13:58:00.935635Z","level":"info","event":"post","chan":"stdout","logger":"task"}
{"timestamp":"2025-09-22T13:58:02.388892Z","level":"info","event":"get","chan":"stdout","logger":"task"}
{"timestamp":"2025-09-22T13:58:03.854924Z","level":"info","event":"post","chan":"stdout","logger":"task"}
{"timestamp":"2025-09-22T13:58:05.239718Z","level":"info","event":"get","chan":"stdout","logger":"task"}
{"timestamp":"2025-09-22T13:58:06.726309Z","level":"info","event":"post","chan":"stdout","logger":"task"}
{"timestamp":"2025-09-22T13:58:08.249400Z","level":"info","event":"get","chan":"stdout","logger":"task"}
{"timestamp":"2025-09-22T13:58:09.611299Z","level":"info","event":"post","chan":"stdout","logger":"task"}
{"timestamp":"2025-09-22T13:58:11.014916Z","level":"info","event":"get","chan":"stdout","logger":"task"}
{"timestamp":"2025-09-22T13:58:12.318913Z","level":"info","event":"post","chan":"stdout","logger":"task"}
{"timestamp":"2025-09-22T13:58:13.677792Z","level":"info","event":"get","chan":"stdout","logger":"task"}
{"timestamp":"2025-09-22T13:58:14.967206Z","level":"info","event":"post","chan":"stdout","logger":"task"}
{"timestamp":"2025-09-22T13:58:16.347526Z","level":"info","event":"get","chan":"stdout","logger":"task"}
{"timestamp":"2025-09-22T13:58:17.689281Z","level":"info","event":"post","chan":"stdout","logger":"task"}
{"timestamp":"2025-09-22T13:58:19.113723Z","level":"info","event":"get","chan":"stdout","logger":"task"}
{"timestamp":"2025-09-22T13:58:20.750511Z","level":"info","event":"post","chan":"stdout","logger":"task"}
{"timestamp":"2025-09-22T13:58:22.176449Z","level":"info","event":"get","chan":"stdout","logger":"task"}
{"timestamp":"2025-09-22T13:58:23.543519Z","level":"info","event":"post","chan":"stdout","logger":"task"}
{"timestamp":"2025-09-22T13:58:23.559906Z","level":"error","event":"Server indicated the task shouldn't be running anymore. Terminating process","detail":{"detail":{"reason":"not_running","message":"TI is no longer in the running state and task should terminate","current_state":"failed"}},"logger":"task"}
{"timestamp":"2025-09-22T13:58:24.979109Z","level":"info","event":"get","chan":"stdout","logger":"task"}
{"timestamp":"2025-09-22T13:58:26.281235Z","level":"info","event":"post","chan":"stdout","logger":"task"}
{"timestamp":"2025-09-22T13:58:27.574075Z","level":"info","event":"get","chan":"stdout","logger":"task"}
{"timestamp":"2025-09-22T13:58:28.576760Z","level":"error","event":"Task killed!","logger":"task"}
